This is pdfTeX, Version 3.14159265-2.6-1.40.16 (TeX Live 2015) (preloaded format=pdflatex 2015.12.19)  24 JAN 2016 19:01
entering extended mode
 restricted \write18 enabled.
 %&-line parsing enabled.
**Rechnernetze_Dokumentation_Sheraz_Azad_und_Sven_Marquardt.tex
(./Rechnernetze_Dokumentation_Sheraz_Azad_und_Sven_Marquardt.tex
LaTeX2e <2015/01/01>
Babel <3.9l> and hyphenation patterns for 79 languages loaded.
(/usr/local/texlive/2015/texmf-dist/tex/latex/koma-script/scrartcl.cls
Document Class: scrartcl 2015/05/06 v3.17a KOMA-Script document class (article)

(/usr/local/texlive/2015/texmf-dist/tex/latex/koma-script/scrkbase.sty
Package: scrkbase 2015/05/06 v3.17a KOMA-Script package (KOMA-Script-dependent 
basics and keyval usage)

(/usr/local/texlive/2015/texmf-dist/tex/latex/koma-script/scrbase.sty
Package: scrbase 2015/05/06 v3.17a KOMA-Script package (KOMA-Script-independent
 basics and keyval usage)

(/usr/local/texlive/2015/texmf-dist/tex/latex/graphics/keyval.sty
Package: keyval 2014/10/28 v1.15 key=value parser (DPC)
\KV@toks@=\toks14
)
(/usr/local/texlive/2015/texmf-dist/tex/latex/koma-script/scrlfile.sty
Package: scrlfile 2015/05/06 v3.17a KOMA-Script package (loading files)

Package scrlfile, 2015/05/06 v3.17a KOMA-Script package (loading files)
                  Copyright (C) Markus Kohm

))) (/usr/local/texlive/2015/texmf-dist/tex/latex/koma-script/tocbasic.sty
Package: tocbasic 2015/05/06 v3.17a KOMA-Script package (handling toc-files)
)
Package tocbasic Info: omitting babel extension for `toc'
(tocbasic)             because of feature `nobabel' available
(tocbasic)             for `toc' on input line 122.
Package tocbasic Info: omitting babel extension for `lof'
(tocbasic)             because of feature `nobabel' available
(tocbasic)             for `lof' on input line 123.
Package tocbasic Info: omitting babel extension for `lot'
(tocbasic)             because of feature `nobabel' available
(tocbasic)             for `lot' on input line 124.
Class scrartcl Info: File `scrsize11pt.clo' used instead of
(scrartcl)           file `scrsize11.clo' to setup font sizes on input line 194
2.

(/usr/local/texlive/2015/texmf-dist/tex/latex/koma-script/scrsize11pt.clo
File: scrsize11pt.clo 2015/05/06 v3.17a KOMA-Script font size class option (11p
t)
)
(/usr/local/texlive/2015/texmf-dist/tex/latex/koma-script/typearea.sty
Package: typearea 2015/05/06 v3.17a KOMA-Script package (type area)

Package typearea, 2015/05/06 v3.17a KOMA-Script package (type area)
                  Copyright (C) Frank Neukam, 1992-1994
                  Copyright (C) Markus Kohm, 1994-

\ta@bcor=\skip41
\ta@div=\count79
\ta@hblk=\skip42
\ta@vblk=\skip43
\ta@temp=\skip44
\footheight=\skip45
Package typearea Info: These are the values describing the layout:
(typearea)             DIV  = 10
(typearea)             BCOR = 0.0pt
(typearea)             \paperwidth      = 597.50793pt
(typearea)              \textwidth      = 418.25555pt
(typearea)              DIV departure   = -6%
(typearea)              \evensidemargin = 17.3562pt
(typearea)              \oddsidemargin  = 17.3562pt
(typearea)             \paperheight     = 845.04694pt
(typearea)              \textheight     = 595.80026pt
(typearea)              \topmargin      = -25.16531pt
(typearea)              \headheight     = 17.0pt
(typearea)              \headsep        = 20.40001pt
(typearea)              \topskip        = 11.0pt
(typearea)              \footskip       = 47.6pt
(typearea)              \baselineskip   = 13.6pt
(typearea)              on input line 1485.
)
\c@part=\count80
\c@section=\count81
\c@subsection=\count82
\c@subsubsection=\count83
\c@paragraph=\count84
\c@subparagraph=\count85
LaTeX Info: Redefining \textsubscript on input line 3718.
\abovecaptionskip=\skip46
\belowcaptionskip=\skip47
\c@pti@nb@sid@b@x=\box26
\c@figure=\count86
\c@table=\count87
\bibindent=\dimen102
) (/usr/local/texlive/2015/texmf-dist/tex/latex/base/inputenc.sty
Package: inputenc 2015/03/17 v1.2c Input encoding file
\inpenc@prehook=\toks15
\inpenc@posthook=\toks16

(/usr/local/texlive/2015/texmf-dist/tex/latex/base/utf8.def
File: utf8.def 2014/09/29 v1.1m UTF-8 support for inputenc
Now handling font encoding OML ...
... no UTF-8 mapping file for font encoding OML
Now handling font encoding T1 ...
... processing UTF-8 mapping file for font encoding T1

(/usr/local/texlive/2015/texmf-dist/tex/latex/base/t1enc.dfu
File: t1enc.dfu 2014/09/29 v1.1m UTF-8 support for inputenc
   defining Unicode char U+00A1 (decimal 161)
   defining Unicode char U+00A3 (decimal 163)
   defining Unicode char U+00AB (decimal 171)
   defining Unicode char U+00BB (decimal 187)
   defining Unicode char U+00BF (decimal 191)
   defining Unicode char U+00C0 (decimal 192)
   defining Unicode char U+00C1 (decimal 193)
   defining Unicode char U+00C2 (decimal 194)
   defining Unicode char U+00C3 (decimal 195)
   defining Unicode char U+00C4 (decimal 196)
   defining Unicode char U+00C5 (decimal 197)
   defining Unicode char U+00C6 (decimal 198)
   defining Unicode char U+00C7 (decimal 199)
   defining Unicode char U+00C8 (decimal 200)
   defining Unicode char U+00C9 (decimal 201)
   defining Unicode char U+00CA (decimal 202)
   defining Unicode char U+00CB (decimal 203)
   defining Unicode char U+00CC (decimal 204)
   defining Unicode char U+00CD (decimal 205)
   defining Unicode char U+00CE (decimal 206)
   defining Unicode char U+00CF (decimal 207)
   defining Unicode char U+00D0 (decimal 208)
   defining Unicode char U+00D1 (decimal 209)
   defining Unicode char U+00D2 (decimal 210)
   defining Unicode char U+00D3 (decimal 211)
   defining Unicode char U+00D4 (decimal 212)
   defining Unicode char U+00D5 (decimal 213)
   defining Unicode char U+00D6 (decimal 214)
   defining Unicode char U+00D8 (decimal 216)
   defining Unicode char U+00D9 (decimal 217)
   defining Unicode char U+00DA (decimal 218)
   defining Unicode char U+00DB (decimal 219)
   defining Unicode char U+00DC (decimal 220)
   defining Unicode char U+00DD (decimal 221)
   defining Unicode char U+00DE (decimal 222)
   defining Unicode char U+00DF (decimal 223)
   defining Unicode char U+00E0 (decimal 224)
   defining Unicode char U+00E1 (decimal 225)
   defining Unicode char U+00E2 (decimal 226)
   defining Unicode char U+00E3 (decimal 227)
   defining Unicode char U+00E4 (decimal 228)
   defining Unicode char U+00E5 (decimal 229)
   defining Unicode char U+00E6 (decimal 230)
   defining Unicode char U+00E7 (decimal 231)
   defining Unicode char U+00E8 (decimal 232)
   defining Unicode char U+00E9 (decimal 233)
   defining Unicode char U+00EA (decimal 234)
   defining Unicode char U+00EB (decimal 235)
   defining Unicode char U+00EC (decimal 236)
   defining Unicode char U+00ED (decimal 237)
   defining Unicode char U+00EE (decimal 238)
   defining Unicode char U+00EF (decimal 239)
   defining Unicode char U+00F0 (decimal 240)
   defining Unicode char U+00F1 (decimal 241)
   defining Unicode char U+00F2 (decimal 242)
   defining Unicode char U+00F3 (decimal 243)
   defining Unicode char U+00F4 (decimal 244)
   defining Unicode char U+00F5 (decimal 245)
   defining Unicode char U+00F6 (decimal 246)
   defining Unicode char U+00F8 (decimal 248)
   defining Unicode char U+00F9 (decimal 249)
   defining Unicode char U+00FA (decimal 250)
   defining Unicode char U+00FB (decimal 251)
   defining Unicode char U+00FC (decimal 252)
   defining Unicode char U+00FD (decimal 253)
   defining Unicode char U+00FE (decimal 254)
   defining Unicode char U+00FF (decimal 255)
   defining Unicode char U+0102 (decimal 258)
   defining Unicode char U+0103 (decimal 259)
   defining Unicode char U+0104 (decimal 260)
   defining Unicode char U+0105 (decimal 261)
   defining Unicode char U+0106 (decimal 262)
   defining Unicode char U+0107 (decimal 263)
   defining Unicode char U+010C (decimal 268)
   defining Unicode char U+010D (decimal 269)
   defining Unicode char U+010E (decimal 270)
   defining Unicode char U+010F (decimal 271)
   defining Unicode char U+0110 (decimal 272)
   defining Unicode char U+0111 (decimal 273)
   defining Unicode char U+0118 (decimal 280)
   defining Unicode char U+0119 (decimal 281)
   defining Unicode char U+011A (decimal 282)
   defining Unicode char U+011B (decimal 283)
   defining Unicode char U+011E (decimal 286)
   defining Unicode char U+011F (decimal 287)
   defining Unicode char U+0130 (decimal 304)
   defining Unicode char U+0131 (decimal 305)
   defining Unicode char U+0132 (decimal 306)
   defining Unicode char U+0133 (decimal 307)
   defining Unicode char U+0139 (decimal 313)
   defining Unicode char U+013A (decimal 314)
   defining Unicode char U+013D (decimal 317)
   defining Unicode char U+013E (decimal 318)
   defining Unicode char U+0141 (decimal 321)
   defining Unicode char U+0142 (decimal 322)
   defining Unicode char U+0143 (decimal 323)
   defining Unicode char U+0144 (decimal 324)
   defining Unicode char U+0147 (decimal 327)
   defining Unicode char U+0148 (decimal 328)
   defining Unicode char U+014A (decimal 330)
   defining Unicode char U+014B (decimal 331)
   defining Unicode char U+0150 (decimal 336)
   defining Unicode char U+0151 (decimal 337)
   defining Unicode char U+0152 (decimal 338)
   defining Unicode char U+0153 (decimal 339)
   defining Unicode char U+0154 (decimal 340)
   defining Unicode char U+0155 (decimal 341)
   defining Unicode char U+0158 (decimal 344)
   defining Unicode char U+0159 (decimal 345)
   defining Unicode char U+015A (decimal 346)
   defining Unicode char U+015B (decimal 347)
   defining Unicode char U+015E (decimal 350)
   defining Unicode char U+015F (decimal 351)
   defining Unicode char U+0160 (decimal 352)
   defining Unicode char U+0161 (decimal 353)
   defining Unicode char U+0162 (decimal 354)
   defining Unicode char U+0163 (decimal 355)
   defining Unicode char U+0164 (decimal 356)
   defining Unicode char U+0165 (decimal 357)
   defining Unicode char U+016E (decimal 366)
   defining Unicode char U+016F (decimal 367)
   defining Unicode char U+0170 (decimal 368)
   defining Unicode char U+0171 (decimal 369)
   defining Unicode char U+0178 (decimal 376)
   defining Unicode char U+0179 (decimal 377)
   defining Unicode char U+017A (decimal 378)
   defining Unicode char U+017B (decimal 379)
   defining Unicode char U+017C (decimal 380)
   defining Unicode char U+017D (decimal 381)
   defining Unicode char U+017E (decimal 382)
   defining Unicode char U+200C (decimal 8204)
   defining Unicode char U+2013 (decimal 8211)
   defining Unicode char U+2014 (decimal 8212)
   defining Unicode char U+2018 (decimal 8216)
   defining Unicode char U+2019 (decimal 8217)
   defining Unicode char U+201A (decimal 8218)
   defining Unicode char U+201C (decimal 8220)
   defining Unicode char U+201D (decimal 8221)
   defining Unicode char U+201E (decimal 8222)
   defining Unicode char U+2030 (decimal 8240)
   defining Unicode char U+2031 (decimal 8241)
   defining Unicode char U+2039 (decimal 8249)
   defining Unicode char U+203A (decimal 8250)
   defining Unicode char U+2423 (decimal 9251)
)
Now handling font encoding OT1 ...
... processing UTF-8 mapping file for font encoding OT1

(/usr/local/texlive/2015/texmf-dist/tex/latex/base/ot1enc.dfu
File: ot1enc.dfu 2014/09/29 v1.1m UTF-8 support for inputenc
   defining Unicode char U+00A1 (decimal 161)
   defining Unicode char U+00A3 (decimal 163)
   defining Unicode char U+00B8 (decimal 184)
   defining Unicode char U+00BF (decimal 191)
   defining Unicode char U+00C5 (decimal 197)
   defining Unicode char U+00C6 (decimal 198)
   defining Unicode char U+00D8 (decimal 216)
   defining Unicode char U+00DF (decimal 223)
   defining Unicode char U+00E6 (decimal 230)
   defining Unicode char U+00EC (decimal 236)
   defining Unicode char U+00ED (decimal 237)
   defining Unicode char U+00EE (decimal 238)
   defining Unicode char U+00EF (decimal 239)
   defining Unicode char U+00F8 (decimal 248)
   defining Unicode char U+0131 (decimal 305)
   defining Unicode char U+0141 (decimal 321)
   defining Unicode char U+0142 (decimal 322)
   defining Unicode char U+0152 (decimal 338)
   defining Unicode char U+0153 (decimal 339)
   defining Unicode char U+2013 (decimal 8211)
   defining Unicode char U+2014 (decimal 8212)
   defining Unicode char U+2018 (decimal 8216)
   defining Unicode char U+2019 (decimal 8217)
   defining Unicode char U+201C (decimal 8220)
   defining Unicode char U+201D (decimal 8221)
)
Now handling font encoding OMS ...
... processing UTF-8 mapping file for font encoding OMS

(/usr/local/texlive/2015/texmf-dist/tex/latex/base/omsenc.dfu
File: omsenc.dfu 2014/09/29 v1.1m UTF-8 support for inputenc
   defining Unicode char U+00A7 (decimal 167)
   defining Unicode char U+00B6 (decimal 182)
   defining Unicode char U+00B7 (decimal 183)
   defining Unicode char U+2020 (decimal 8224)
   defining Unicode char U+2021 (decimal 8225)
   defining Unicode char U+2022 (decimal 8226)
)
Now handling font encoding OMX ...
... no UTF-8 mapping file for font encoding OMX
Now handling font encoding U ...
... no UTF-8 mapping file for font encoding U
   defining Unicode char U+00A9 (decimal 169)
   defining Unicode char U+00AA (decimal 170)
   defining Unicode char U+00AE (decimal 174)
   defining Unicode char U+00BA (decimal 186)
   defining Unicode char U+02C6 (decimal 710)
   defining Unicode char U+02DC (decimal 732)
   defining Unicode char U+200C (decimal 8204)
   defining Unicode char U+2026 (decimal 8230)
   defining Unicode char U+2122 (decimal 8482)
   defining Unicode char U+2423 (decimal 9251)
))
(/usr/local/texlive/2015/texmf-dist/tex/generic/babel/babel.sty
Package: babel 2014/09/25 3.9l The Babel package

(/usr/local/texlive/2015/texmf-dist/tex/generic/babel-german/ngerman.ldf
Language: ngerman 2013/12/13 v2.7 German support for babel (new orthography)

(/usr/local/texlive/2015/texmf-dist/tex/generic/babel-german/ngermanb.ldf
Language: ngermanb 2013/12/13 v2.7 German support for babel (new orthography)

(/usr/local/texlive/2015/texmf-dist/tex/generic/babel/babel.def
File: babel.def 2014/09/25 3.9l Babel common definitions
\babel@savecnt=\count88
\U@D=\dimen103
)
\l@naustrian = a dialect from \language\l@ngerman 
\l@nswissgerman = a dialect from \language\l@ngerman 
Package babel Info: Making " an active character on input line 88.
)))
(/usr/local/texlive/2015/texmf-dist/tex/latex/base/fontenc.sty
Package: fontenc 2005/09/27 v1.99g Standard LaTeX package

(/usr/local/texlive/2015/texmf-dist/tex/latex/base/t1enc.def
File: t1enc.def 2005/09/27 v1.99g Standard LaTeX file
LaTeX Font Info:    Redeclaring font encoding T1 on input line 48.
))
(/usr/local/texlive/2015/texmf-dist/tex/latex/lm/lmodern.sty
Package: lmodern 2009/10/30 v1.6 Latin Modern Fonts
LaTeX Font Info:    Overwriting symbol font `operators' in version `normal'
(Font)                  OT1/cmr/m/n --> OT1/lmr/m/n on input line 22.
LaTeX Font Info:    Overwriting symbol font `letters' in version `normal'
(Font)                  OML/cmm/m/it --> OML/lmm/m/it on input line 23.
LaTeX Font Info:    Overwriting symbol font `symbols' in version `normal'
(Font)                  OMS/cmsy/m/n --> OMS/lmsy/m/n on input line 24.
LaTeX Font Info:    Overwriting symbol font `largesymbols' in version `normal'
(Font)                  OMX/cmex/m/n --> OMX/lmex/m/n on input line 25.
LaTeX Font Info:    Overwriting symbol font `operators' in version `bold'
(Font)                  OT1/cmr/bx/n --> OT1/lmr/bx/n on input line 26.
LaTeX Font Info:    Overwriting symbol font `letters' in version `bold'
(Font)                  OML/cmm/b/it --> OML/lmm/b/it on input line 27.
LaTeX Font Info:    Overwriting symbol font `symbols' in version `bold'
(Font)                  OMS/cmsy/b/n --> OMS/lmsy/b/n on input line 28.
LaTeX Font Info:    Overwriting symbol font `largesymbols' in version `bold'
(Font)                  OMX/cmex/m/n --> OMX/lmex/m/n on input line 29.
LaTeX Font Info:    Overwriting math alphabet `\mathbf' in version `normal'
(Font)                  OT1/cmr/bx/n --> OT1/lmr/bx/n on input line 31.
LaTeX Font Info:    Overwriting math alphabet `\mathsf' in version `normal'
(Font)                  OT1/cmss/m/n --> OT1/lmss/m/n on input line 32.
LaTeX Font Info:    Overwriting math alphabet `\mathit' in version `normal'
(Font)                  OT1/cmr/m/it --> OT1/lmr/m/it on input line 33.
LaTeX Font Info:    Overwriting math alphabet `\mathtt' in version `normal'
(Font)                  OT1/cmtt/m/n --> OT1/lmtt/m/n on input line 34.
LaTeX Font Info:    Overwriting math alphabet `\mathbf' in version `bold'
(Font)                  OT1/cmr/bx/n --> OT1/lmr/bx/n on input line 35.
LaTeX Font Info:    Overwriting math alphabet `\mathsf' in version `bold'
(Font)                  OT1/cmss/bx/n --> OT1/lmss/bx/n on input line 36.
LaTeX Font Info:    Overwriting math alphabet `\mathit' in version `bold'
(Font)                  OT1/cmr/bx/it --> OT1/lmr/bx/it on input line 37.
LaTeX Font Info:    Overwriting math alphabet `\mathtt' in version `bold'
(Font)                  OT1/cmtt/m/n --> OT1/lmtt/m/n on input line 38.
)
Class scrartcl Info: File `scrsize12pt.clo' used to setup font sizes on input l
ine 17.

(/usr/local/texlive/2015/texmf-dist/tex/latex/koma-script/scrsize12pt.clo
File: scrsize12pt.clo 2015/05/06 v3.17a KOMA-Script font size class option (12p
t)
)
DIV calculation for typearea with good linewidth.
LaTeX Font Info:    Try loading font information for T1+lmr on input line 17.
(/usr/local/texlive/2015/texmf-dist/tex/latex/lm/t1lmr.fd
File: t1lmr.fd 2009/10/30 v1.6 Font defs for Latin Modern
)
Package typearea Info: These are the values describing the layout:
(typearea)             DIV  = 9
(typearea)             BCOR = 0.0pt
(typearea)             \paperwidth      = 597.50793pt
(typearea)              \textwidth      = 398.33862pt
(typearea)              DIV departure   = 0%
(typearea)              \evensidemargin = 27.31467pt
(typearea)              \oddsidemargin  = 27.31467pt
(typearea)             \paperheight     = 845.04694pt
(typearea)              \textheight     = 577.5pt
(typearea)              \topmargin      = -18.25089pt
(typearea)              \headheight     = 18.125pt
(typearea)              \headsep        = 21.75pt
(typearea)              \topskip        = 12.0pt
(typearea)              \footskip       = 50.75pt
(typearea)              \baselineskip   = 14.5pt
(typearea)              on input line 17.

(/usr/local/texlive/2015/texmf-dist/tex/latex/xcolor/xcolor.sty
Package: xcolor 2007/01/21 v2.11 LaTeX color extensions (UK)

(/usr/local/texlive/2015/texmf-dist/tex/latex/latexconfig/color.cfg
File: color.cfg 2007/01/18 v1.5 color configuration of teTeX/TeXLive
)
Package xcolor Info: Driver file: pdftex.def on input line 225.

(/usr/local/texlive/2015/texmf-dist/tex/latex/pdftex-def/pdftex.def
File: pdftex.def 2011/05/27 v0.06d Graphics/color for pdfTeX

(/usr/local/texlive/2015/texmf-dist/tex/generic/oberdiek/infwarerr.sty
Package: infwarerr 2010/04/08 v1.3 Providing info/warning/error messages (HO)
)
(/usr/local/texlive/2015/texmf-dist/tex/generic/oberdiek/ltxcmds.sty
Package: ltxcmds 2011/11/09 v1.22 LaTeX kernel commands for general use (HO)
)
\Gread@gobject=\count89
)
Package xcolor Info: Model `cmy' substituted by `cmy0' on input line 1337.
Package xcolor Info: Model `hsb' substituted by `rgb' on input line 1341.
Package xcolor Info: Model `RGB' extended on input line 1353.
Package xcolor Info: Model `HTML' substituted by `rgb' on input line 1355.
Package xcolor Info: Model `Hsb' substituted by `hsb' on input line 1356.
Package xcolor Info: Model `tHsb' substituted by `hsb' on input line 1357.
Package xcolor Info: Model `HSB' substituted by `hsb' on input line 1358.
Package xcolor Info: Model `Gray' substituted by `gray' on input line 1359.
Package xcolor Info: Model `wave' substituted by `hsb' on input line 1360.
)
(/usr/local/texlive/2015/texmf-dist/tex/latex/graphics/graphicx.sty
Package: graphicx 2014/10/28 v1.0g Enhanced LaTeX Graphics (DPC,SPQR)

(/usr/local/texlive/2015/texmf-dist/tex/latex/graphics/graphics.sty
Package: graphics 2014/10/28 v1.0p Standard LaTeX Graphics (DPC,SPQR)

(/usr/local/texlive/2015/texmf-dist/tex/latex/graphics/trig.sty
Package: trig 1999/03/16 v1.09 sin cos tan (DPC)
)
(/usr/local/texlive/2015/texmf-dist/tex/latex/latexconfig/graphics.cfg
File: graphics.cfg 2010/04/23 v1.9 graphics configuration of TeX Live
)
Package graphics Info: Driver file: pdftex.def on input line 94.
)
\Gin@req@height=\dimen104
\Gin@req@width=\dimen105
)
(/usr/local/texlive/2015/texmf-dist/tex/latex/csquotes/csquotes.sty
Package: csquotes 2015/04/15 v5.1e context-sensitive quotations (JAW)

(/usr/local/texlive/2015/texmf-dist/tex/latex/etoolbox/etoolbox.sty
Package: etoolbox 2015/05/04 v2.2 e-TeX tools for LaTeX (JAW)
\etb@tempcnta=\count90
)
\csq@reset=\count91
\csq@gtype=\count92
\csq@glevel=\count93
\csq@qlevel=\count94
\csq@maxlvl=\count95
\csq@tshold=\count96
\csq@ltx@everypar=\toks17

(/usr/local/texlive/2015/texmf-dist/tex/latex/csquotes/csquotes.def
File: csquotes.def 2015/04/15 v5.1e csquotes generic definitions (JAW)
)
Package csquotes Info: Trying to load configuration file 'csquotes.cfg'...
Package csquotes Info: ... configuration file loaded successfully.

(/usr/local/texlive/2015/texmf-dist/tex/latex/csquotes/csquotes.cfg
File: csquotes.cfg 
)
Package csquotes Info: Redefining alias 'german' -> 'german/guillemets'.
)
(/usr/local/texlive/2015/texmf-dist/tex/latex/amsmath/amsmath.sty
Package: amsmath 2013/01/14 v2.14 AMS math features
\@mathmargin=\skip48

For additional information on amsmath, use the `?' option.
(/usr/local/texlive/2015/texmf-dist/tex/latex/amsmath/amstext.sty
Package: amstext 2000/06/29 v2.01

(/usr/local/texlive/2015/texmf-dist/tex/latex/amsmath/amsgen.sty
File: amsgen.sty 1999/11/30 v2.0
\@emptytoks=\toks18
\ex@=\dimen106
))
(/usr/local/texlive/2015/texmf-dist/tex/latex/amsmath/amsbsy.sty
Package: amsbsy 1999/11/29 v1.2d
\pmbraise@=\dimen107
)
(/usr/local/texlive/2015/texmf-dist/tex/latex/amsmath/amsopn.sty
Package: amsopn 1999/12/14 v2.01 operator names
)
\inf@bad=\count97
LaTeX Info: Redefining \frac on input line 210.
\uproot@=\count98
\leftroot@=\count99
LaTeX Info: Redefining \overline on input line 306.
\classnum@=\count100
\DOTSCASE@=\count101
LaTeX Info: Redefining \ldots on input line 378.
LaTeX Info: Redefining \dots on input line 381.
LaTeX Info: Redefining \cdots on input line 466.
\Mathstrutbox@=\box27
\strutbox@=\box28
\big@size=\dimen108
LaTeX Font Info:    Redeclaring font encoding OML on input line 566.
LaTeX Font Info:    Redeclaring font encoding OMS on input line 567.
\macc@depth=\count102
\c@MaxMatrixCols=\count103
\dotsspace@=\muskip10
\c@parentequation=\count104
\dspbrk@lvl=\count105
\tag@help=\toks19
\row@=\count106
\column@=\count107
\maxfields@=\count108
\andhelp@=\toks20
\eqnshift@=\dimen109
\alignsep@=\dimen110
\tagshift@=\dimen111
\tagwidth@=\dimen112
\totwidth@=\dimen113
\lineht@=\dimen114
\@envbody=\toks21
\multlinegap=\skip49
\multlinetaggap=\skip50
\mathdisplay@stack=\toks22
LaTeX Info: Redefining \[ on input line 2665.
LaTeX Info: Redefining \] on input line 2666.
)
(/usr/local/texlive/2015/texmf-dist/tex/generic/ulem/ulem.sty
\UL@box=\box29
\UL@hyphenbox=\box30
\UL@skip=\skip51
\UL@hook=\toks23
\UL@height=\dimen115
\UL@pe=\count109
\UL@pixel=\dimen116
\ULC@box=\box31
Package: ulem 2012/05/18
\ULdepth=\dimen117
)
(/usr/local/texlive/2015/texmf-dist/tex/latex/hyperref/hyperref.sty
Package: hyperref 2012/11/06 v6.83m Hypertext links for LaTeX

(/usr/local/texlive/2015/texmf-dist/tex/generic/oberdiek/hobsub-hyperref.sty
Package: hobsub-hyperref 2012/05/28 v1.13 Bundle oberdiek, subset hyperref (HO)


(/usr/local/texlive/2015/texmf-dist/tex/generic/oberdiek/hobsub-generic.sty
Package: hobsub-generic 2012/05/28 v1.13 Bundle oberdiek, subset generic (HO)
Package: hobsub 2012/05/28 v1.13 Construct package bundles (HO)
Package hobsub Info: Skipping package `infwarerr' (already loaded).
Package hobsub Info: Skipping package `ltxcmds' (already loaded).
Package: ifluatex 2010/03/01 v1.3 Provides the ifluatex switch (HO)
Package ifluatex Info: LuaTeX not detected.
Package: ifvtex 2010/03/01 v1.5 Detect VTeX and its facilities (HO)
Package ifvtex Info: VTeX not detected.
Package: intcalc 2007/09/27 v1.1 Expandable calculations with integers (HO)
Package: ifpdf 2011/01/30 v2.3 Provides the ifpdf switch (HO)
Package ifpdf Info: pdfTeX in PDF mode is detected.
Package: etexcmds 2011/02/16 v1.5 Avoid name clashes with e-TeX commands (HO)
Package etexcmds Info: Could not find \expanded.
(etexcmds)             That can mean that you are not using pdfTeX 1.50 or
(etexcmds)             that some package has redefined \expanded.
(etexcmds)             In the latter case, load this package earlier.
Package: kvsetkeys 2012/04/25 v1.16 Key value parser (HO)
Package: kvdefinekeys 2011/04/07 v1.3 Define keys (HO)
Package: pdftexcmds 2011/11/29 v0.20 Utility functions of pdfTeX for LuaTeX (HO
)
Package pdftexcmds Info: LuaTeX not detected.
Package pdftexcmds Info: \pdf@primitive is available.
Package pdftexcmds Info: \pdf@ifprimitive is available.
Package pdftexcmds Info: \pdfdraftmode found.
Package: pdfescape 2011/11/25 v1.13 Implements pdfTeX's escape features (HO)
Package: bigintcalc 2012/04/08 v1.3 Expandable calculations on big integers (HO
)
Package: bitset 2011/01/30 v1.1 Handle bit-vector datatype (HO)
Package: uniquecounter 2011/01/30 v1.2 Provide unlimited unique counter (HO)
)
Package hobsub Info: Skipping package `hobsub' (already loaded).
Package: letltxmacro 2010/09/02 v1.4 Let assignment for LaTeX macros (HO)
Package: hopatch 2012/05/28 v1.2 Wrapper for package hooks (HO)
Package: xcolor-patch 2011/01/30 xcolor patch
Package: atveryend 2011/06/30 v1.8 Hooks at the very end of document (HO)
Package: atbegshi 2011/10/05 v1.16 At begin shipout hook (HO)
Package: refcount 2011/10/16 v3.4 Data extraction from label references (HO)
Package: hycolor 2011/01/30 v1.7 Color options for hyperref/bookmark (HO)
)
(/usr/local/texlive/2015/texmf-dist/tex/generic/ifxetex/ifxetex.sty
Package: ifxetex 2010/09/12 v0.6 Provides ifxetex conditional
)
(/usr/local/texlive/2015/texmf-dist/tex/latex/oberdiek/auxhook.sty
Package: auxhook 2011/03/04 v1.3 Hooks for auxiliary files (HO)
)
(/usr/local/texlive/2015/texmf-dist/tex/latex/oberdiek/kvoptions.sty
Package: kvoptions 2011/06/30 v3.11 Key value format for package options (HO)
)
\@linkdim=\dimen118
\Hy@linkcounter=\count110
\Hy@pagecounter=\count111

(/usr/local/texlive/2015/texmf-dist/tex/latex/hyperref/pd1enc.def
File: pd1enc.def 2012/11/06 v6.83m Hyperref: PDFDocEncoding definition (HO)
Now handling font encoding PD1 ...
... no UTF-8 mapping file for font encoding PD1
)
\Hy@SavedSpaceFactor=\count112

(/usr/local/texlive/2015/texmf-dist/tex/latex/latexconfig/hyperref.cfg
File: hyperref.cfg 2002/06/06 v1.2 hyperref configuration of TeXLive
)
Package hyperref Info: Option `breaklinks' set `true' on input line 4319.
Package hyperref Info: Hyper figures OFF on input line 4443.
Package hyperref Info: Link nesting OFF on input line 4448.
Package hyperref Info: Hyper index ON on input line 4451.
Package hyperref Info: Plain pages OFF on input line 4458.
Package hyperref Info: Backreferencing OFF on input line 4463.
Package hyperref Info: Implicit mode ON; LaTeX internals redefined.
Package hyperref Info: Bookmarks ON on input line 4688.
\c@Hy@tempcnt=\count113

(/usr/local/texlive/2015/texmf-dist/tex/latex/url/url.sty
\Urlmuskip=\muskip11
Package: url 2013/09/16  ver 3.4  Verb mode for urls, etc.
)
LaTeX Info: Redefining \url on input line 5041.
\XeTeXLinkMargin=\dimen119
\Fld@menulength=\count114
\Field@Width=\dimen120
\Fld@charsize=\dimen121
Package hyperref Info: Hyper figures OFF on input line 6295.
Package hyperref Info: Link nesting OFF on input line 6300.
Package hyperref Info: Hyper index ON on input line 6303.
Package hyperref Info: backreferencing OFF on input line 6310.
Package hyperref Info: Link coloring OFF on input line 6315.
Package hyperref Info: Link coloring with OCG OFF on input line 6320.
Package hyperref Info: PDF/A mode OFF on input line 6325.
LaTeX Info: Redefining \ref on input line 6365.
LaTeX Info: Redefining \pageref on input line 6369.
\Hy@abspage=\count115
\c@Item=\count116
\c@Hfootnote=\count117
)

Package hyperref Message: Driver (autodetected): hpdftex.

(/usr/local/texlive/2015/texmf-dist/tex/latex/hyperref/hpdftex.def
File: hpdftex.def 2012/11/06 v6.83m Hyperref driver for pdfTeX
\Fld@listcount=\count118
\c@bookmark@seq@number=\count119

(/usr/local/texlive/2015/texmf-dist/tex/latex/oberdiek/rerunfilecheck.sty
Package: rerunfilecheck 2011/04/15 v1.7 Rerun checks for auxiliary files (HO)
Package uniquecounter Info: New unique counter `rerunfilecheck' on input line 2
82.
)
\Hy@SectionHShift=\skip52
)
Package csquotes Info: Checking for multilingual support...
Package csquotes Info: ... found 'babel' package.
Package csquotes Info: Adjusting default style.
Package csquotes Info: Redefining alias 'default' -> 'ngerman'.

(./Rechnernetze_Dokumentation_Sheraz_Azad_und_Sven_Marquardt.aux)
\openout1 = `Rechnernetze_Dokumentation_Sheraz_Azad_und_Sven_Marquardt.aux'.

LaTeX Font Info:    Checking defaults for OML/cmm/m/it on input line 35.
LaTeX Font Info:    ... okay on input line 35.
LaTeX Font Info:    Checking defaults for T1/cmr/m/n on input line 35.
LaTeX Font Info:    ... okay on input line 35.
LaTeX Font Info:    Checking defaults for OT1/cmr/m/n on input line 35.
LaTeX Font Info:    ... okay on input line 35.
LaTeX Font Info:    Checking defaults for OMS/cmsy/m/n on input line 35.
LaTeX Font Info:    ... okay on input line 35.
LaTeX Font Info:    Checking defaults for OMX/cmex/m/n on input line 35.
LaTeX Font Info:    ... okay on input line 35.
LaTeX Font Info:    Checking defaults for U/cmr/m/n on input line 35.
LaTeX Font Info:    ... okay on input line 35.
LaTeX Font Info:    Checking defaults for PD1/pdf/m/n on input line 35.
LaTeX Font Info:    ... okay on input line 35.

(/usr/local/texlive/2015/texmf-dist/tex/context/base/supp-pdf.mkii
[Loading MPS to PDF converter (version 2006.09.02).]
\scratchcounter=\count120
\scratchdimen=\dimen122
\scratchbox=\box32
\nofMPsegments=\count121
\nofMParguments=\count122
\everyMPshowfont=\toks24
\MPscratchCnt=\count123
\MPscratchDim=\dimen123
\MPnumerator=\count124
\makeMPintoPDFobject=\count125
\everyMPtoPDFconversion=\toks25
) (/usr/local/texlive/2015/texmf-dist/tex/latex/oberdiek/epstopdf-base.sty
Package: epstopdf-base 2010/02/09 v2.5 Base part for package epstopdf

(/usr/local/texlive/2015/texmf-dist/tex/latex/oberdiek/grfext.sty
Package: grfext 2010/08/19 v1.1 Manage graphics extensions (HO)
)
Package grfext Info: Graphics extension search list:
(grfext)             [.png,.pdf,.jpg,.mps,.jpeg,.jbig2,.jb2,.PNG,.PDF,.JPG,.JPE
G,.JBIG2,.JB2,.eps]
(grfext)             \AppendGraphicsExtensions on input line 452.

(/usr/local/texlive/2015/texmf-dist/tex/latex/latexconfig/epstopdf-sys.cfg
File: epstopdf-sys.cfg 2010/07/13 v1.3 Configuration of (r)epstopdf for TeX Liv
e
))
\AtBeginShipoutBox=\box33
Package hyperref Info: Link coloring OFF on input line 35.

(/usr/local/texlive/2015/texmf-dist/tex/latex/hyperref/nameref.sty
Package: nameref 2012/10/27 v2.43 Cross-referencing by name of section

(/usr/local/texlive/2015/texmf-dist/tex/generic/oberdiek/gettitlestring.sty
Package: gettitlestring 2010/12/03 v1.4 Cleanup title references (HO)
)
\c@section@level=\count126
)
LaTeX Info: Redefining \ref on input line 35.
LaTeX Info: Redefining \pageref on input line 35.
LaTeX Info: Redefining \nameref on input line 35.

(./Rechnernetze_Dokumentation_Sheraz_Azad_und_Sven_Marquardt.out)
(./Rechnernetze_Dokumentation_Sheraz_Azad_und_Sven_Marquardt.out)
\@outlinefile=\write3
\openout3 = `Rechnernetze_Dokumentation_Sheraz_Azad_und_Sven_Marquardt.out'.

LaTeX Font Info:    Try loading font information for T1+lmss on input line 40.

(/usr/local/texlive/2015/texmf-dist/tex/latex/lm/t1lmss.fd
File: t1lmss.fd 2009/10/30 v1.6 Font defs for Latin Modern
)
LaTeX Font Info:    Try loading font information for OT1+lmr on input line 40.

(/usr/local/texlive/2015/texmf-dist/tex/latex/lm/ot1lmr.fd
File: ot1lmr.fd 2009/10/30 v1.6 Font defs for Latin Modern
)
LaTeX Font Info:    Try loading font information for OML+lmm on input line 40.

(/usr/local/texlive/2015/texmf-dist/tex/latex/lm/omllmm.fd
File: omllmm.fd 2009/10/30 v1.6 Font defs for Latin Modern
)
LaTeX Font Info:    Try loading font information for OMS+lmsy on input line 40.


(/usr/local/texlive/2015/texmf-dist/tex/latex/lm/omslmsy.fd
File: omslmsy.fd 2009/10/30 v1.6 Font defs for Latin Modern
)
LaTeX Font Info:    Try loading font information for OMX+lmex on input line 40.


(/usr/local/texlive/2015/texmf-dist/tex/latex/lm/omxlmex.fd
File: omxlmex.fd 2009/10/30 v1.6 Font defs for Latin Modern
)
LaTeX Font Info:    External font `lmex10' loaded for size
(Font)              <17.28> on input line 40.
LaTeX Font Info:    External font `lmex10' loaded for size
(Font)              <12> on input line 40.
LaTeX Font Info:    External font `lmex10' loaded for size
(Font)              <10> on input line 40.

(./Rechnernetze_Dokumentation_Sheraz_Azad_und_Sven_Marquardt.toc
LaTeX Font Info:    External font `lmex10' loaded for size
(Font)              <8> on input line 3.
LaTeX Font Info:    External font `lmex10' loaded for size
(Font)              <6> on input line 3.
Package babel Info: Redefining ngerman shorthand "|
(babel)             in language  on input line 25.
Package babel Info: Redefining ngerman shorthand "~
(babel)             in language  on input line 25.
Package babel Info: Redefining ngerman shorthand "|
(babel)             in language  on input line 25.
Package babel Info: Redefining ngerman shorthand "~
(babel)             in language  on input line 25.
 [1


{/usr/local/texlive/2015/texmf-var/fonts/map/pdftex/updmap/pdftex.map}])
\tf@toc=\write4
\openout4 = `Rechnernetze_Dokumentation_Sheraz_Azad_und_Sven_Marquardt.toc'.

Package babel Info: Redefining ngerman shorthand "|
(babel)             in language  on input line 43.
Package babel Info: Redefining ngerman shorthand "~
(babel)             in language  on input line 43.
Package babel Info: Redefining ngerman shorthand "|
(babel)             in language  on input line 43.
Package babel Info: Redefining ngerman shorthand "~
(babel)             in language  on input line 43.
 [2]
Package babel Info: Redefining ngerman shorthand "|
(babel)             in language  on input line 44.
Package babel Info: Redefining ngerman shorthand "~
(babel)             in language  on input line 44.
Package babel Info: Redefining ngerman shorthand "|
(babel)             in language  on input line 45.
Package babel Info: Redefining ngerman shorthand "~
(babel)             in language  on input line 45.

</Users/Sheraz/Documents/Git/RechnernetzeDoku/Doku/Bilder/viergewinnt.png, id=2
49, 342.27875pt x 205.76875pt>
File: /Users/Sheraz/Documents/Git/RechnernetzeDoku/Doku/Bilder/viergewinnt.png 
Graphic file (type png)

<use /Users/Sheraz/Documents/Git/RechnernetzeDoku/Doku/Bilder/viergewinnt.png>
Package pdftex.def Info: /Users/Sheraz/Documents/Git/RechnernetzeDoku/Doku/Bild
er/viergewinnt.png used on input line 53.
(pdftex.def)             Requested size: 199.16928pt x 119.73842pt.
Package babel Info: Redefining ngerman shorthand "|
(babel)             in language  on input line 68.
Package babel Info: Redefining ngerman shorthand "~
(babel)             in language  on input line 68.
Package babel Info: Redefining ngerman shorthand "|
(babel)             in language  on input line 68.
Package babel Info: Redefining ngerman shorthand "~
(babel)             in language  on input line 68.

[3 </Users/Sheraz/Documents/Git/RechnernetzeDoku/Doku/Bilder/viergewinnt.png>]
</Users/Sheraz/Documents/Git/RechnernetzeDoku/Doku/Bilder/ablauf.png, id=257, 3
52.31625pt x 35.13126pt>
File: /Users/Sheraz/Documents/Git/RechnernetzeDoku/Doku/Bilder/ablauf.png Graph
ic file (type png)

<use /Users/Sheraz/Documents/Git/RechnernetzeDoku/Doku/Bilder/ablauf.png>
Package pdftex.def Info: /Users/Sheraz/Documents/Git/RechnernetzeDoku/Doku/Bild
er/ablauf.png used on input line 78.
(pdftex.def)             Requested size: 284.52756pt x 28.37144pt.

Overfull \hbox (82.68768pt too wide) in paragraph at lines 82--89
[][] 
 []

Package babel Info: Redefining ngerman shorthand "|
(babel)             in language  on input line 90.
Package babel Info: Redefining ngerman shorthand "~
(babel)             in language  on input line 90.
Package babel Info: Redefining ngerman shorthand "|
(babel)             in language  on input line 102.
Package babel Info: Redefining ngerman shorthand "~
(babel)             in language  on input line 102.
Package babel Info: Redefining ngerman shorthand "|
(babel)             in language  on input line 102.
Package babel Info: Redefining ngerman shorthand "~
(babel)             in language  on input line 102.
[4 </Users/Sheraz/Documents/Git/RechnernetzeDoku/Doku/Bilder/ablauf.png>]
Package babel Info: Redefining ngerman shorthand "|
(babel)             in language  on input line 103.
Package babel Info: Redefining ngerman shorthand "~
(babel)             in language  on input line 103.

</Users/Sheraz/Documents/Git/RechnernetzeDoku/Doku/Bilder/winkel.png, id=264, 1
126.2075pt x 580.1675pt>
File: /Users/Sheraz/Documents/Git/RechnernetzeDoku/Doku/Bilder/winkel.png Graph
ic file (type png)

<use /Users/Sheraz/Documents/Git/RechnernetzeDoku/Doku/Bilder/winkel.png>
Package pdftex.def Info: /Users/Sheraz/Documents/Git/RechnernetzeDoku/Doku/Bild
er/winkel.png used on input line 113.
(pdftex.def)             Requested size: 341.43306pt x 175.88408pt.
Package babel Info: Redefining ngerman shorthand "|
(babel)             in language  on input line 118.
Package babel Info: Redefining ngerman shorthand "~
(babel)             in language  on input line 118.
Package babel Info: Redefining ngerman shorthand "|
(babel)             in language  on input line 118.
Package babel Info: Redefining ngerman shorthand "~
(babel)             in language  on input line 118.

[5 </Users/Sheraz/Documents/Git/RechnernetzeDoku/Doku/Bilder/winkel.png>]
Package babel Info: Redefining ngerman shorthand "|
(babel)             in language  on input line 119.
Package babel Info: Redefining ngerman shorthand "~
(babel)             in language  on input line 119.
Package babel Info: Redefining ngerman shorthand "|
(babel)             in language  on input line 133.
Package babel Info: Redefining ngerman shorthand "~
(babel)             in language  on input line 133.
Package babel Info: Redefining ngerman shorthand "|
(babel)             in language  on input line 133.
Package babel Info: Redefining ngerman shorthand "~
(babel)             in language  on input line 133.

[6]
Package babel Info: Redefining ngerman shorthand "|
(babel)             in language  on input line 134.
Package babel Info: Redefining ngerman shorthand "~
(babel)             in language  on input line 134.
Package babel Info: Redefining ngerman shorthand "|
(babel)             in language  on input line 140.
Package babel Info: Redefining ngerman shorthand "~
(babel)             in language  on input line 140.
Package babel Info: Redefining ngerman shorthand "|
(babel)             in language  on input line 146.
Package babel Info: Redefining ngerman shorthand "~
(babel)             in language  on input line 146.
Package babel Info: Redefining ngerman shorthand "|
(babel)             in language  on input line 154.
Package babel Info: Redefining ngerman shorthand "~
(babel)             in language  on input line 154.
Package babel Info: Redefining ngerman shorthand "|
(babel)             in language  on input line 154.
Package babel Info: Redefining ngerman shorthand "~
(babel)             in language  on input line 154.
 [7]
Package babel Info: Redefining ngerman shorthand "|
(babel)             in language  on input line 158.
Package babel Info: Redefining ngerman shorthand "~
(babel)             in language  on input line 158.
Package babel Info: Redefining ngerman shorthand "|
(babel)             in language  on input line 158.
Package babel Info: Redefining ngerman shorthand "~
(babel)             in language  on input line 158.
 [8]
Package babel Info: Redefining ngerman shorthand "|
(babel)             in language  on input line 159.
Package babel Info: Redefining ngerman shorthand "~
(babel)             in language  on input line 159.
Package babel Info: Redefining ngerman shorthand "|
(babel)             in language  on input line 160.
Package babel Info: Redefining ngerman shorthand "~
(babel)             in language  on input line 160.
Package babel Info: Redefining ngerman shorthand "|
(babel)             in language  on input line 166.
Package babel Info: Redefining ngerman shorthand "~
(babel)             in language  on input line 166.
Package babel Info: Redefining ngerman shorthand "|
(babel)             in language  on input line 168.
Package babel Info: Redefining ngerman shorthand "~
(babel)             in language  on input line 168.
Package babel Info: Redefining ngerman shorthand "|
(babel)             in language  on input line 176.
Package babel Info: Redefining ngerman shorthand "~
(babel)             in language  on input line 176.
Package babel Info: Redefining ngerman shorthand "|
(babel)             in language  on input line 176.
Package babel Info: Redefining ngerman shorthand "~
(babel)             in language  on input line 176.
 [9]
Package babel Info: Redefining ngerman shorthand "|
(babel)             in language  on input line 179.
Package babel Info: Redefining ngerman shorthand "~
(babel)             in language  on input line 179.
Package babel Info: Redefining ngerman shorthand "|
(babel)             in language  on input line 183.
Package babel Info: Redefining ngerman shorthand "~
(babel)             in language  on input line 183.
Package babel Info: Redefining ngerman shorthand "|
(babel)             in language  on input line 187.
Package babel Info: Redefining ngerman shorthand "~
(babel)             in language  on input line 187.
Package babel Info: Redefining ngerman shorthand "|
(babel)             in language  on input line 191.
Package babel Info: Redefining ngerman shorthand "~
(babel)             in language  on input line 191.
Package babel Info: Redefining ngerman shorthand "|
(babel)             in language  on input line 195.
Package babel Info: Redefining ngerman shorthand "~
(babel)             in language  on input line 195.
Package babel Info: Redefining ngerman shorthand "|
(babel)             in language  on input line 195.
Package babel Info: Redefining ngerman shorthand "~
(babel)             in language  on input line 195.
 [10]
Package babel Info: Redefining ngerman shorthand "|
(babel)             in language  on input line 195.
Package babel Info: Redefining ngerman shorthand "~
(babel)             in language  on input line 195.
Package babel Info: Redefining ngerman shorthand "|
(babel)             in language  on input line 195.
Package babel Info: Redefining ngerman shorthand "~
(babel)             in language  on input line 195.
 [11]
Package babel Info: Redefining ngerman shorthand "|
(babel)             in language  on input line 196.
Package babel Info: Redefining ngerman shorthand "~
(babel)             in language  on input line 196.
Package babel Info: Redefining ngerman shorthand "|
(babel)             in language  on input line 198.
Package babel Info: Redefining ngerman shorthand "~
(babel)             in language  on input line 198.

</Users/Sheraz/Documents/Git/RechnernetzeDoku/Doku/Bilder/nslookup.png, id=299,
 928.46875pt x 441.65pt>
File: /Users/Sheraz/Documents/Git/RechnernetzeDoku/Doku/Bilder/nslookup.png Gra
phic file (type png)

<use /Users/Sheraz/Documents/Git/RechnernetzeDoku/Doku/Bilder/nslookup.png>
Package pdftex.def Info: /Users/Sheraz/Documents/Git/RechnernetzeDoku/Doku/Bild
er/nslookup.png used on input line 203.
(pdftex.def)             Requested size: 341.43306pt x 162.41055pt.

</Users/Sheraz/Documents/Git/RechnernetzeDoku/Doku/Bilder/wirensany.png, id=300
, 1442.38875pt x 805.0075pt>
File: /Users/Sheraz/Documents/Git/RechnernetzeDoku/Doku/Bilder/wirensany.png Gr
aphic file (type png)

<use /Users/Sheraz/Documents/Git/RechnernetzeDoku/Doku/Bilder/wirensany.png>
Package pdftex.def Info: /Users/Sheraz/Documents/Git/RechnernetzeDoku/Doku/Bild
er/wirensany.png used on input line 206.
(pdftex.def)             Requested size: 426.79134pt x 238.18759pt.

Overfull \hbox (28.45271pt too wide) in paragraph at lines 206--208
[][]
 []

Package babel Info: Redefining ngerman shorthand "|
(babel)             in language  on input line 212.
Package babel Info: Redefining ngerman shorthand "~
(babel)             in language  on input line 212.
Package babel Info: Redefining ngerman shorthand "|
(babel)             in language  on input line 212.
Package babel Info: Redefining ngerman shorthand "~
(babel)             in language  on input line 212.
[12 </Users/Sheraz/Documents/Git/RechnernetzeDoku/Doku/Bilder/nslookup.png> </U
sers/Sheraz/Documents/Git/RechnernetzeDoku/Doku/Bilder/wirensany.png>]
</Users/Sheraz/Documents/Git/RechnernetzeDoku/Doku/Bilder/wirens8888.png, id=30
8, 1441.385pt x 800.9925pt>
File: /Users/Sheraz/Documents/Git/RechnernetzeDoku/Doku/Bilder/wirens8888.png G
raphic file (type png)

<use /Users/Sheraz/Documents/Git/RechnernetzeDoku/Doku/Bilder/wirens8888.png>
Package pdftex.def Info: /Users/Sheraz/Documents/Git/RechnernetzeDoku/Doku/Bild
er/wirens8888.png used on input line 215.
(pdftex.def)             Requested size: 426.79134pt x 237.17073pt.

Overfull \hbox (28.45271pt too wide) in paragraph at lines 215--217
[][]
 []


</Users/Sheraz/Documents/Git/RechnernetzeDoku/Doku/Bilder/dfn.png, id=309, 475.
7775pt x 136.51pt>
File: /Users/Sheraz/Documents/Git/RechnernetzeDoku/Doku/Bilder/dfn.png Graphic 
file (type png)

<use /Users/Sheraz/Documents/Git/RechnernetzeDoku/Doku/Bilder/dfn.png>
Package pdftex.def Info: /Users/Sheraz/Documents/Git/RechnernetzeDoku/Doku/Bild
er/dfn.png used on input line 220.
(pdftex.def)             Requested size: 284.52756pt x 81.64pt.

</Users/Sheraz/Documents/Git/RechnernetzeDoku/Doku/Bilder/wiredfn.png, id=310, 
1442.38875pt x 800.9925pt>
Package babel Info: Redefining ngerman shorthand "|
(babel)             in language  on input line 223.
Package babel Info: Redefining ngerman shorthand "~
(babel)             in language  on input line 223.
Package babel Info: Redefining ngerman shorthand "|
(babel)             in language  on input line 223.
Package babel Info: Redefining ngerman shorthand "~
(babel)             in language  on input line 223.
 [13 </Users/Sheraz/Documents/Git/RechnernetzeDoku/Doku/Bilder/wirens8888.png>]
File: /Users/Sheraz/Documents/Git/RechnernetzeDoku/Doku/Bilder/wiredfn.png Grap
hic file (type png)

<use /Users/Sheraz/Documents/Git/RechnernetzeDoku/Doku/Bilder/wiredfn.png>
Package pdftex.def Info: /Users/Sheraz/Documents/Git/RechnernetzeDoku/Doku/Bild
er/wiredfn.png used on input line 223.
(pdftex.def)             Requested size: 426.79134pt x 236.99962pt.

Overfull \hbox (28.45271pt too wide) in paragraph at lines 223--225
[][]
 []

Package babel Info: Redefining ngerman shorthand "|
(babel)             in language  on input line 226.
Package babel Info: Redefining ngerman shorthand "~
(babel)             in language  on input line 226.
Package babel Info: Redefining ngerman shorthand "|
(babel)             in language  on input line 232.
Package babel Info: Redefining ngerman shorthand "~
(babel)             in language  on input line 232.
Package babel Info: Redefining ngerman shorthand "|
(babel)             in language  on input line 232.
Package babel Info: Redefining ngerman shorthand "~
(babel)             in language  on input line 232.
[14 </Users/Sheraz/Documents/Git/RechnernetzeDoku/Doku/Bilder/dfn.png> </Users/
Sheraz/Documents/Git/RechnernetzeDoku/Doku/Bilder/wiredfn.png>]
Package babel Info: Redefining ngerman shorthand "|
(babel)             in language  on input line 232.
Package babel Info: Redefining ngerman shorthand "~
(babel)             in language  on input line 232.

</Users/Sheraz/Documents/Git/RechnernetzeDoku/Doku/Bilder/tonline.png, id=323, 
1436.36626pt x 752.8125pt>
File: /Users/Sheraz/Documents/Git/RechnernetzeDoku/Doku/Bilder/tonline.png Grap
hic file (type png)

<use /Users/Sheraz/Documents/Git/RechnernetzeDoku/Doku/Bilder/tonline.png>
Package pdftex.def Info: /Users/Sheraz/Documents/Git/RechnernetzeDoku/Doku/Bild
er/tonline.png used on input line 236.
(pdftex.def)             Requested size: 426.79134pt x 223.68593pt.

Overfull \hbox (28.45271pt too wide) in paragraph at lines 236--238
[][]
 []


</Users/Sheraz/Documents/Git/RechnernetzeDoku/Doku/Bilder/tonlinewin.png, id=32
4, 1129.21875pt x 139.52126pt>
File: /Users/Sheraz/Documents/Git/RechnernetzeDoku/Doku/Bilder/tonlinewin.png G
raphic file (type png)

<use /Users/Sheraz/Documents/Git/RechnernetzeDoku/Doku/Bilder/tonlinewin.png>
Package pdftex.def Info: /Users/Sheraz/Documents/Git/RechnernetzeDoku/Doku/Bild
er/tonlinewin.png used on input line 239.
(pdftex.def)             Requested size: 426.79134pt x 52.73334pt.

Overfull \hbox (28.45271pt too wide) in paragraph at lines 239--241
[][]
 []

Package babel Info: Redefining ngerman shorthand "|
(babel)             in language  on input line 246.
Package babel Info: Redefining ngerman shorthand "~
(babel)             in language  on input line 246.
Package babel Info: Redefining ngerman shorthand "|
(babel)             in language  on input line 246.
Package babel Info: Redefining ngerman shorthand "~
(babel)             in language  on input line 246.
[15 </Users/Sheraz/Documents/Git/RechnernetzeDoku/Doku/Bilder/tonline.png> </Us
ers/Sheraz/Documents/Git/RechnernetzeDoku/Doku/Bilder/tonlinewin.png>]
</Users/Sheraz/Documents/Git/RechnernetzeDoku/Doku/Bilder/fhluebeck.png, id=332
, 1440.38126pt x 693.59125pt>
File: /Users/Sheraz/Documents/Git/RechnernetzeDoku/Doku/Bilder/fhluebeck.png Gr
aphic file (type png)

<use /Users/Sheraz/Documents/Git/RechnernetzeDoku/Doku/Bilder/fhluebeck.png>
Package pdftex.def Info: /Users/Sheraz/Documents/Git/RechnernetzeDoku/Doku/Bild
er/fhluebeck.png used on input line 247.
(pdftex.def)             Requested size: 426.79134pt x 205.50722pt.

Overfull \hbox (28.45271pt too wide) in paragraph at lines 247--249
[][]
 []

Package babel Info: Redefining ngerman shorthand "|
(babel)             in language  on input line 250.
Package babel Info: Redefining ngerman shorthand "~
(babel)             in language  on input line 250.
Package babel Info: Redefining ngerman shorthand "|
(babel)             in language  on input line 257.
Package babel Info: Redefining ngerman shorthand "~
(babel)             in language  on input line 257.

Overfull \hbox (49.64484pt too wide) in paragraph at lines 259--261
\T1/lmr/m/n/12 Mit Hil-fe der SSL Tools wur-den die Sei-ten |   [] und |   []
 []

Package babel Info: Redefining ngerman shorthand "|
(babel)             in language  on input line 261.
Package babel Info: Redefining ngerman shorthand "~
(babel)             in language  on input line 261.
Package babel Info: Redefining ngerman shorthand "|
(babel)             in language  on input line 261.
Package babel Info: Redefining ngerman shorthand "~
(babel)             in language  on input line 261.
[16 </Users/Sheraz/Documents/Git/RechnernetzeDoku/Doku/Bilder/fhluebeck.png>]
</Users/Sheraz/Documents/Git/RechnernetzeDoku/Doku/Bilder/ebay.png, id=338, 882
.29625pt x 479.7925pt>
File: /Users/Sheraz/Documents/Git/RechnernetzeDoku/Doku/Bilder/ebay.png Graphic
 file (type png)

<use /Users/Sheraz/Documents/Git/RechnernetzeDoku/Doku/Bilder/ebay.png>
Package pdftex.def Info: /Users/Sheraz/Documents/Git/RechnernetzeDoku/Doku/Bild
er/ebay.png used on input line 262.
(pdftex.def)             Requested size: 426.79134pt x 232.09142pt.

Overfull \hbox (28.45271pt too wide) in paragraph at lines 262--264
[][]
 []


</Users/Sheraz/Documents/Git/RechnernetzeDoku/Doku/Bilder/bank.png, id=339, 909
.3975pt x 497.86pt>
File: /Users/Sheraz/Documents/Git/RechnernetzeDoku/Doku/Bilder/bank.png Graphic
 file (type png)

<use /Users/Sheraz/Documents/Git/RechnernetzeDoku/Doku/Bilder/bank.png>
Package pdftex.def Info: /Users/Sheraz/Documents/Git/RechnernetzeDoku/Doku/Bild
er/bank.png used on input line 265.
(pdftex.def)             Requested size: 426.79134pt x 233.65237pt.

Overfull \hbox (28.45271pt too wide) in paragraph at lines 265--267
[][]
 []

Package babel Info: Redefining ngerman shorthand "|
(babel)             in language  on input line 268.
Package babel Info: Redefining ngerman shorthand "~
(babel)             in language  on input line 268.
Package babel Info: Redefining ngerman shorthand "|
(babel)             in language  on input line 268.
Package babel Info: Redefining ngerman shorthand "~
(babel)             in language  on input line 268.
[17 </Users/Sheraz/Documents/Git/RechnernetzeDoku/Doku/Bilder/ebay.png>]
Package babel Info: Redefining ngerman shorthand "|
(babel)             in language  on input line 268.
Package babel Info: Redefining ngerman shorthand "~
(babel)             in language  on input line 268.
Package babel Info: Redefining ngerman shorthand "|
(babel)             in language  on input line 273.
Package babel Info: Redefining ngerman shorthand "~
(babel)             in language  on input line 273.
Package babel Info: Redefining ngerman shorthand "|
(babel)             in language  on input line 280.
Package babel Info: Redefining ngerman shorthand "~
(babel)             in language  on input line 280.
Package babel Info: Redefining ngerman shorthand "|
(babel)             in language  on input line 280.
Package babel Info: Redefining ngerman shorthand "~
(babel)             in language  on input line 280.

[18 </Users/Sheraz/Documents/Git/RechnernetzeDoku/Doku/Bilder/bank.png>]
Package babel Info: Redefining ngerman shorthand "|
(babel)             in language  on input line 291.
Package babel Info: Redefining ngerman shorthand "~
(babel)             in language  on input line 291.
Package babel Info: Redefining ngerman shorthand "|
(babel)             in language  on input line 296.
Package babel Info: Redefining ngerman shorthand "~
(babel)             in language  on input line 296.
Package babel Info: Redefining ngerman shorthand "|
(babel)             in language  on input line 296.
Package babel Info: Redefining ngerman shorthand "~
(babel)             in language  on input line 296.

[19]
Package babel Info: Redefining ngerman shorthand "|
(babel)             in language  on input line 297.
Package babel Info: Redefining ngerman shorthand "~
(babel)             in language  on input line 297.
Package babel Info: Redefining ngerman shorthand "|
(babel)             in language  on input line 299.
Package babel Info: Redefining ngerman shorthand "~
(babel)             in language  on input line 299.

Overfull \hbox (0.11519pt too wide) in paragraph at lines 301--303
|   [] \T1/lmr/m/n/12 wur-de der in Ab-bil-dung []4.1[]
 []


</Users/Sheraz/Documents/Git/RechnernetzeDoku/Doku/Bilder/ipconfigall.png, id=3
57, 553.06625pt x 742.775pt>
File: /Users/Sheraz/Documents/Git/RechnernetzeDoku/Doku/Bilder/ipconfigall.png 
Graphic file (type png)

<use /Users/Sheraz/Documents/Git/RechnernetzeDoku/Doku/Bilder/ipconfigall.png>
Package pdftex.def Info: /Users/Sheraz/Documents/Git/RechnernetzeDoku/Doku/Bild
er/ipconfigall.png used on input line 306.
(pdftex.def)             Requested size: 256.0748pt x 343.90207pt.

</Users/Sheraz/Documents/Git/RechnernetzeDoku/Doku/Bilder/macaddr.png, id=358, 
777.90625pt x 73.27374pt>
File: /Users/Sheraz/Documents/Git/RechnernetzeDoku/Doku/Bilder/macaddr.png Grap
hic file (type png)

<use /Users/Sheraz/Documents/Git/RechnernetzeDoku/Doku/Bilder/macaddr.png>
Package pdftex.def Info: /Users/Sheraz/Documents/Git/RechnernetzeDoku/Doku/Bild
er/macaddr.png used on input line 310.
(pdftex.def)             Requested size: 312.9803pt x 29.48114pt.
Package babel Info: Redefining ngerman shorthand "|
(babel)             in language  on input line 313.
Package babel Info: Redefining ngerman shorthand "~
(babel)             in language  on input line 313.
Package babel Info: Redefining ngerman shorthand "|
(babel)             in language  on input line 321.
Package babel Info: Redefining ngerman shorthand "~
(babel)             in language  on input line 321.
Package babel Info: Redefining ngerman shorthand "|
(babel)             in language  on input line 321.
Package babel Info: Redefining ngerman shorthand "~
(babel)             in language  on input line 321.

[20 </Users/Sheraz/Documents/Git/RechnernetzeDoku/Doku/Bilder/ipconfigall.png> 
</Users/Sheraz/Documents/Git/RechnernetzeDoku/Doku/Bilder/macaddr.png>]
</Users/Sheraz/Documents/Git/RechnernetzeDoku/Doku/Bilder/ectppingserver.png, i
d=365, 553.06625pt x 164.615pt>
File: /Users/Sheraz/Documents/Git/RechnernetzeDoku/Doku/Bilder/ectppingserver.p
ng Graphic file (type png)

<use /Users/Sheraz/Documents/Git/RechnernetzeDoku/Doku/Bilder/ectppingserver.pn
g>
Package pdftex.def Info: /Users/Sheraz/Documents/Git/RechnernetzeDoku/Doku/Bild
er/ectppingserver.png used on input line 322.
(pdftex.def)             Requested size: 284.52756pt x 84.68599pt.

</Users/Sheraz/Documents/Git/RechnernetzeDoku/Doku/Bilder/loops.png, id=367, 64
2.14906pt x 557.08125pt>
File: /Users/Sheraz/Documents/Git/RechnernetzeDoku/Doku/Bilder/loops.png Graphi
c file (type png)

<use /Users/Sheraz/Documents/Git/RechnernetzeDoku/Doku/Bilder/loops.png>
Package pdftex.def Info: /Users/Sheraz/Documents/Git/RechnernetzeDoku/Doku/Bild
er/loops.png used on input line 328.
(pdftex.def)             Requested size: 284.52756pt x 246.84209pt.

Underfull \hbox (badness 10000) in paragraph at lines 328--332

 []

Package babel Info: Redefining ngerman shorthand "|
(babel)             in language  on input line 333.
Package babel Info: Redefining ngerman shorthand "~
(babel)             in language  on input line 333.
Package babel Info: Redefining ngerman shorthand "|
(babel)             in language  on input line 333.
Package babel Info: Redefining ngerman shorthand "~
(babel)             in language  on input line 333.
[21 </Users/Sheraz/Documents/Git/RechnernetzeDoku/Doku/Bilder/ectppingserver.pn
g> </Users/Sheraz/Documents/Git/RechnernetzeDoku/Doku/Bilder/loops.png>]
Package babel Info: Redefining ngerman shorthand "|
(babel)             in language  on input line 340.
Package babel Info: Redefining ngerman shorthand "~
(babel)             in language  on input line 340.

</Users/Sheraz/Documents/Git/RechnernetzeDoku/Doku/Bilder/showspan.png, id=376,
 318.18875pt x 55.20625pt>
File: /Users/Sheraz/Documents/Git/RechnernetzeDoku/Doku/Bilder/showspan.png Gra
phic file (type png)

<use /Users/Sheraz/Documents/Git/RechnernetzeDoku/Doku/Bilder/showspan.png>
Package pdftex.def Info: /Users/Sheraz/Documents/Git/RechnernetzeDoku/Doku/Bild
er/showspan.png used on input line 347.
(pdftex.def)             Requested size: 170.71652pt x 29.61885pt.

</Users/Sheraz/Documents/Git/RechnernetzeDoku/Doku/Bilder/spanningtree.png, id=
377, 811.03pt x 453.695pt>
File: /Users/Sheraz/Documents/Git/RechnernetzeDoku/Doku/Bilder/spanningtree.png
 Graphic file (type png)

<use /Users/Sheraz/Documents/Git/RechnernetzeDoku/Doku/Bilder/spanningtree.png>
Package pdftex.def Info: /Users/Sheraz/Documents/Git/RechnernetzeDoku/Doku/Bild
er/spanningtree.png used on input line 350.
(pdftex.def)             Requested size: 426.79134pt x 238.75418pt.

Overfull \hbox (55.82777pt too wide) in paragraph at lines 350--352
[][]
 []

LaTeX Font Info:    External font `lmex10' loaded for size
(Font)              <7> on input line 354.
LaTeX Font Info:    External font `lmex10' loaded for size
(Font)              <5> on input line 354.
Package babel Info: Redefining ngerman shorthand "|
(babel)             in language  on input line 355.
Package babel Info: Redefining ngerman shorthand "~
(babel)             in language  on input line 355.
Package babel Info: Redefining ngerman shorthand "|
(babel)             in language  on input line 355.
Package babel Info: Redefining ngerman shorthand "~
(babel)             in language  on input line 355.
[22 </Users/Sheraz/Documents/Git/RechnernetzeDoku/Doku/Bilder/showspan.png> </U
sers/Sheraz/Documents/Git/RechnernetzeDoku/Doku/Bilder/spanningtree.png>]
Overfull \hbox (48.97769pt too wide) in paragraph at lines 357--365
[][] 
 []

Package babel Info: Redefining ngerman shorthand "|
(babel)             in language  on input line 377.
Package babel Info: Redefining ngerman shorthand "~
(babel)             in language  on input line 377.
Package babel Info: Redefining ngerman shorthand "|
(babel)             in language  on input line 377.
Package babel Info: Redefining ngerman shorthand "~
(babel)             in language  on input line 377.
[23]
LaTeX Font Info:    Try loading font information for OMS+lmr on input line 382.

 (/usr/local/texlive/2015/texmf-dist/tex/latex/lm/omslmr.fd
File: omslmr.fd 2009/10/30 v1.6 Font defs for Latin Modern
)
LaTeX Font Info:    Font shape `OMS/lmr/m/n' in size <12> not available
(Font)              Font shape `OMS/lmsy/m/n' tried instead on input line 382.
Package babel Info: Redefining ngerman shorthand "|
(babel)             in language  on input line 406.
Package babel Info: Redefining ngerman shorthand "~
(babel)             in language  on input line 406.

</Users/Sheraz/Documents/Git/RechnernetzeDoku/Doku/Bilder/aging.png, id=401, 31
6.18124pt x 60.225pt>
File: /Users/Sheraz/Documents/Git/RechnernetzeDoku/Doku/Bilder/aging.png Graphi
c file (type png)

<use /Users/Sheraz/Documents/Git/RechnernetzeDoku/Doku/Bilder/aging.png>
Package pdftex.def Info: /Users/Sheraz/Documents/Git/RechnernetzeDoku/Doku/Bild
er/aging.png used on input line 413.
(pdftex.def)             Requested size: 170.71652pt x 32.51825pt.
Package babel Info: Redefining ngerman shorthand "|
(babel)             in language  on input line 421.
Package babel Info: Redefining ngerman shorthand "~
(babel)             in language  on input line 421.
Package babel Info: Redefining ngerman shorthand "|
(babel)             in language  on input line 421.
Package babel Info: Redefining ngerman shorthand "~
(babel)             in language  on input line 421.

[24 </Users/Sheraz/Documents/Git/RechnernetzeDoku/Doku/Bilder/aging.png>]
</Users/Sheraz/Documents/Git/RechnernetzeDoku/Doku/Bilder/switch.jpg, id=411, 1
264.725pt x 711.4078pt>
File: /Users/Sheraz/Documents/Git/RechnernetzeDoku/Doku/Bilder/switch.jpg Graph
ic file (type jpg)

<use /Users/Sheraz/Documents/Git/RechnernetzeDoku/Doku/Bilder/switch.jpg>
Package pdftex.def Info: /Users/Sheraz/Documents/Git/RechnernetzeDoku/Doku/Bild
er/switch.jpg used on input line 425.
(pdftex.def)             Requested size: 426.79134pt x 240.06264pt.

Overfull \hbox (55.82777pt too wide) in paragraph at lines 425--427
[][]
 []

Package babel Info: Redefining ngerman shorthand "|
(babel)             in language  on input line 432.
Package babel Info: Redefining ngerman shorthand "~
(babel)             in language  on input line 432.

</Users/Sheraz/Documents/Git/RechnernetzeDoku/Doku/Bilder/vlan.png, id=412, 572
.1375pt x 665.48625pt>
Package babel Info: Redefining ngerman shorthand "|
(babel)             in language  on input line 439.
Package babel Info: Redefining ngerman shorthand "~
(babel)             in language  on input line 439.
Package babel Info: Redefining ngerman shorthand "|
(babel)             in language  on input line 439.
Package babel Info: Redefining ngerman shorthand "~
(babel)             in language  on input line 439.
 [25 </Users/Sheraz/Documents/Git/RechnernetzeDoku/Doku/Bilder/switch.jpg>]
File: /Users/Sheraz/Documents/Git/RechnernetzeDoku/Doku/Bilder/vlan.png Graphic
 file (type png)

<use /Users/Sheraz/Documents/Git/RechnernetzeDoku/Doku/Bilder/vlan.png>
Package pdftex.def Info: /Users/Sheraz/Documents/Git/RechnernetzeDoku/Doku/Bild
er/vlan.png used on input line 439.
(pdftex.def)             Requested size: 369.88582pt x 430.23555pt.

Overfull \hbox (1.53333pt too wide) in paragraph at lines 439--441
[][] [] 
 []

Package babel Info: Redefining ngerman shorthand "|
(babel)             in language  on input line 447.
Package babel Info: Redefining ngerman shorthand "~
(babel)             in language  on input line 447.
Package babel Info: Redefining ngerman shorthand "|
(babel)             in language  on input line 447.
Package babel Info: Redefining ngerman shorthand "~
(babel)             in language  on input line 447.
[26 </Users/Sheraz/Documents/Git/RechnernetzeDoku/Doku/Bilder/vlan.png>]
Package babel Info: Redefining ngerman shorthand "|
(babel)             in language  on input line 452.
Package babel Info: Redefining ngerman shorthand "~
(babel)             in language  on input line 452.

</Users/Sheraz/Documents/Git/RechnernetzeDoku/Doku/Bilder/trunk.png, id=428, 62
8.3475pt x 567.11874pt>
File: /Users/Sheraz/Documents/Git/RechnernetzeDoku/Doku/Bilder/trunk.png Graphi
c file (type png)

<use /Users/Sheraz/Documents/Git/RechnernetzeDoku/Doku/Bilder/trunk.png>
Package pdftex.def Info: /Users/Sheraz/Documents/Git/RechnernetzeDoku/Doku/Bild
er/trunk.png used on input line 459.
(pdftex.def)             Requested size: 369.88582pt x 333.83565pt.

Overfull \hbox (1.53333pt too wide) in paragraph at lines 459--461
[][] [] 
 []

Package babel Info: Redefining ngerman shorthand "|
(babel)             in language  on input line 464.
Package babel Info: Redefining ngerman shorthand "~
(babel)             in language  on input line 464.
Package babel Info: Redefining ngerman shorthand "|
(babel)             in language  on input line 464.
Package babel Info: Redefining ngerman shorthand "~
(babel)             in language  on input line 464.
[27 </Users/Sheraz/Documents/Git/RechnernetzeDoku/Doku/Bilder/trunk.png>]
Package babel Info: Redefining ngerman shorthand "|
(babel)             in language  on input line 482.
Package babel Info: Redefining ngerman shorthand "~
(babel)             in language  on input line 482.
Package babel Info: Redefining ngerman shorthand "|
(babel)             in language  on input line 482.
Package babel Info: Redefining ngerman shorthand "~
(babel)             in language  on input line 482.

[28]
Package babel Info: Redefining ngerman shorthand "|
(babel)             in language  on input line 483.
Package babel Info: Redefining ngerman shorthand "~
(babel)             in language  on input line 483.
Package babel Info: Redefining ngerman shorthand "|
(babel)             in language  on input line 485.
Package babel Info: Redefining ngerman shorthand "~
(babel)             in language  on input line 485.

</Users/Sheraz/Documents/Git/RechnernetzeDoku/Doku/Bilder/hamburg.png, id=445, 
1004.75375pt x 792.9625pt>
File: /Users/Sheraz/Documents/Git/RechnernetzeDoku/Doku/Bilder/hamburg.png Grap
hic file (type png)

<use /Users/Sheraz/Documents/Git/RechnernetzeDoku/Doku/Bilder/hamburg.png>
Package pdftex.def Info: /Users/Sheraz/Documents/Git/RechnernetzeDoku/Doku/Bild
er/hamburg.png used on input line 503.
(pdftex.def)             Requested size: 256.0748pt x 202.08781pt.
Package babel Info: Redefining ngerman shorthand "|
(babel)             in language  on input line 507.
Package babel Info: Redefining ngerman shorthand "~
(babel)             in language  on input line 507.
Package babel Info: Redefining ngerman shorthand "|
(babel)             in language  on input line 507.
Package babel Info: Redefining ngerman shorthand "~
(babel)             in language  on input line 507.

[29 </Users/Sheraz/Documents/Git/RechnernetzeDoku/Doku/Bilder/hamburg.png>]
</Users/Sheraz/Documents/Git/RechnernetzeDoku/Doku/Bilder/luebeck.png, id=451, 
874.26625pt x 798.985pt>
File: /Users/Sheraz/Documents/Git/RechnernetzeDoku/Doku/Bilder/luebeck.png Grap
hic file (type png)

<use /Users/Sheraz/Documents/Git/RechnernetzeDoku/Doku/Bilder/luebeck.png>
Package pdftex.def Info: /Users/Sheraz/Documents/Git/RechnernetzeDoku/Doku/Bild
er/luebeck.png used on input line 513.
(pdftex.def)             Requested size: 256.0748pt x 234.02829pt.

Overfull \hbox (0.55418pt too wide) in paragraph at lines 526--528
[]\T1/lmr/m/n/12 Mittels tra-ce-rou-te wur-de fest-ge-stellt das dieIP-Pakete f
r die Adres-sen www.fh-
 []

Package babel Info: Redefining ngerman shorthand "|
(babel)             in language  on input line 529.
Package babel Info: Redefining ngerman shorthand "~
(babel)             in language  on input line 529.
Package babel Info: Redefining ngerman shorthand "|
(babel)             in language  on input line 529.
Package babel Info: Redefining ngerman shorthand "~
(babel)             in language  on input line 529.
[30 </Users/Sheraz/Documents/Git/RechnernetzeDoku/Doku/Bilder/luebeck.png>]
Package babel Info: Redefining ngerman shorthand "|
(babel)             in language  on input line 530.
Package babel Info: Redefining ngerman shorthand "~
(babel)             in language  on input line 530.
Package babel Info: Redefining ngerman shorthand "|
(babel)             in language  on input line 544.
Package babel Info: Redefining ngerman shorthand "~
(babel)             in language  on input line 544.
Package babel Info: Redefining ngerman shorthand "|
(babel)             in language  on input line 560.
Package babel Info: Redefining ngerman shorthand "~
(babel)             in language  on input line 560.
Package babel Info: Redefining ngerman shorthand "|
(babel)             in language  on input line 560.
Package babel Info: Redefining ngerman shorthand "~
(babel)             in language  on input line 560.

[31]
Package babel Info: Redefining ngerman shorthand "|
(babel)             in language  on input line 588.
Package babel Info: Redefining ngerman shorthand "~
(babel)             in language  on input line 588.
Package babel Info: Redefining ngerman shorthand "|
(babel)             in language  on input line 588.
Package babel Info: Redefining ngerman shorthand "~
(babel)             in language  on input line 588.
 [32]
</Users/Sheraz/Documents/Git/RechnernetzeDoku/Doku/Bilder/ping.png, id=475, 598
.235pt x 91.34125pt>
File: /Users/Sheraz/Documents/Git/RechnernetzeDoku/Doku/Bilder/ping.png Graphic
 file (type png)

<use /Users/Sheraz/Documents/Git/RechnernetzeDoku/Doku/Bilder/ping.png>
Package pdftex.def Info: /Users/Sheraz/Documents/Git/RechnernetzeDoku/Doku/Bild
er/ping.png used on input line 593.
(pdftex.def)             Requested size: 284.52756pt x 43.44328pt.
Package babel Info: Redefining ngerman shorthand "|
(babel)             in language  on input line 599.
Package babel Info: Redefining ngerman shorthand "~
(babel)             in language  on input line 599.

</Users/Sheraz/Documents/Git/RechnernetzeDoku/Doku/Bilder/protokolle.png, id=47
6, 538.01pt x 142.5325pt>
File: /Users/Sheraz/Documents/Git/RechnernetzeDoku/Doku/Bilder/protokolle.png G
raphic file (type png)

<use /Users/Sheraz/Documents/Git/RechnernetzeDoku/Doku/Bilder/protokolle.png>
Package pdftex.def Info: /Users/Sheraz/Documents/Git/RechnernetzeDoku/Doku/Bild
er/protokolle.png used on input line 607.
(pdftex.def)             Requested size: 227.62204pt x 60.30255pt.

</Users/Sheraz/Documents/Git/RechnernetzeDoku/Doku/Bilder/est.png, id=478, 922.
44624pt x 757.83125pt>
Package babel Info: Redefining ngerman shorthand "|
(babel)             in language  on input line 629.
Package babel Info: Redefining ngerman shorthand "~
(babel)             in language  on input line 629.
Package babel Info: Redefining ngerman shorthand "|
(babel)             in language  on input line 629.
Package babel Info: Redefining ngerman shorthand "~
(babel)             in language  on input line 629.
 [33 </Users/Sheraz/Documents/Git/RechnernetzeDoku/Doku/Bilder/ping.png> </User
s/Sheraz/Documents/Git/RechnernetzeDoku/Doku/Bilder/protokolle.png>]
File: /Users/Sheraz/Documents/Git/RechnernetzeDoku/Doku/Bilder/est.png Graphic 
file (type png)

<use /Users/Sheraz/Documents/Git/RechnernetzeDoku/Doku/Bilder/est.png>
Package pdftex.def Info: /Users/Sheraz/Documents/Git/RechnernetzeDoku/Doku/Bild
er/est.png used on input line 629.
(pdftex.def)             Requested size: 369.88582pt x 303.87875pt.

Overfull \hbox (1.53333pt too wide) in paragraph at lines 629--631
[][] [] 
 []


Overfull \hbox (2.6743pt too wide) in paragraph at lines 634--635
[]\T1/lmr/m/n/12 Es gab kei-ne Pro-ble-me beim aus-fh-ren der Be-feh-le und di
e OSPF-Prozesse
 []


</Users/Sheraz/Documents/Git/RechnernetzeDoku/Doku/Bilder/trace.png, id=488, 35
2.31625pt x 93.34875pt>
File: /Users/Sheraz/Documents/Git/RechnernetzeDoku/Doku/Bilder/trace.png Graphi
c file (type png)

<use /Users/Sheraz/Documents/Git/RechnernetzeDoku/Doku/Bilder/trace.png>
Package pdftex.def Info: /Users/Sheraz/Documents/Git/RechnernetzeDoku/Doku/Bild
er/trace.png used on input line 639.
(pdftex.def)             Requested size: 284.52756pt x 75.38701pt.
Package babel Info: Redefining ngerman shorthand "|
(babel)             in language  on input line 643.
Package babel Info: Redefining ngerman shorthand "~
(babel)             in language  on input line 643.
Package babel Info: Redefining ngerman shorthand "|
(babel)             in language  on input line 643.
Package babel Info: Redefining ngerman shorthand "~
(babel)             in language  on input line 643.

[34 </Users/Sheraz/Documents/Git/RechnernetzeDoku/Doku/Bilder/est.png> </Users/
Sheraz/Documents/Git/RechnernetzeDoku/Doku/Bilder/trace.png>]
</Users/Sheraz/Documents/Git/RechnernetzeDoku/Doku/Bilder/routetable.jpg, id=49
8, 630.85687pt x 674.52pt>
File: /Users/Sheraz/Documents/Git/RechnernetzeDoku/Doku/Bilder/routetable.jpg G
raphic file (type jpg)

<use /Users/Sheraz/Documents/Git/RechnernetzeDoku/Doku/Bilder/routetable.jpg>
Package pdftex.def Info: /Users/Sheraz/Documents/Git/RechnernetzeDoku/Doku/Bild
er/routetable.jpg used on input line 645.
(pdftex.def)             Requested size: 227.62204pt x 243.37251pt.

</Users/Sheraz/Documents/Git/RechnernetzeDoku/Doku/Bilder/cost.png, id=499, 690
.58pt x 151.56625pt>
File: /Users/Sheraz/Documents/Git/RechnernetzeDoku/Doku/Bilder/cost.png Graphic
 file (type png)

<use /Users/Sheraz/Documents/Git/RechnernetzeDoku/Doku/Bilder/cost.png>
Package pdftex.def Info: /Users/Sheraz/Documents/Git/RechnernetzeDoku/Doku/Bild
er/cost.png used on input line 654.
(pdftex.def)             Requested size: 284.52756pt x 62.44783pt.

</Users/Sheraz/Documents/Git/RechnernetzeDoku/Doku/Bilder/costtrace.png, id=500
, 477.785pt x 385.44pt>
File: /Users/Sheraz/Documents/Git/RechnernetzeDoku/Doku/Bilder/costtrace.png Gr
aphic file (type png)

<use /Users/Sheraz/Documents/Git/RechnernetzeDoku/Doku/Bilder/costtrace.png>
Package pdftex.def Info: /Users/Sheraz/Documents/Git/RechnernetzeDoku/Doku/Bild
er/costtrace.png used on input line 657.
(pdftex.def)             Requested size: 284.52756pt x 229.53079pt.
Package babel Info: Redefining ngerman shorthand "|
(babel)             in language  on input line 661.
Package babel Info: Redefining ngerman shorthand "~
(babel)             in language  on input line 661.
Package babel Info: Redefining ngerman shorthand "|
(babel)             in language  on input line 661.
Package babel Info: Redefining ngerman shorthand "~
(babel)             in language  on input line 661.

[35 </Users/Sheraz/Documents/Git/RechnernetzeDoku/Doku/Bilder/routetable.jpg> <
/Users/Sheraz/Documents/Git/RechnernetzeDoku/Doku/Bilder/cost.png>]
Package babel Info: Redefining ngerman shorthand "|
(babel)             in language  on input line 664.
Package babel Info: Redefining ngerman shorthand "~
(babel)             in language  on input line 664.
Package babel Info: Redefining ngerman shorthand "|
(babel)             in language  on input line 664.
Package babel Info: Redefining ngerman shorthand "~
(babel)             in language  on input line 664.
 [36 </Users/Sheraz/Documents/Git/RechnernetzeDoku/Doku/Bilder/costtrace.png>]
Package babel Info: Redefining ngerman shorthand "|
(babel)             in language  on input line 665.
Package babel Info: Redefining ngerman shorthand "~
(babel)             in language  on input line 665.

</Users/Sheraz/Documents/Git/RechnernetzeDoku/Doku/Bilder/ipfrag.jpg, id=515, 5
09.65407pt x 673.76718pt>
File: /Users/Sheraz/Documents/Git/RechnernetzeDoku/Doku/Bilder/ipfrag.jpg Graph
ic file (type jpg)

<use /Users/Sheraz/Documents/Git/RechnernetzeDoku/Doku/Bilder/ipfrag.jpg>
Package pdftex.def Info: /Users/Sheraz/Documents/Git/RechnernetzeDoku/Doku/Bild
er/ipfrag.jpg used on input line 669.
(pdftex.def)             Requested size: 284.52756pt x 376.16588pt.
Package babel Info: Redefining ngerman shorthand "|
(babel)             in language  on input line 672.
Package babel Info: Redefining ngerman shorthand "~
(babel)             in language  on input line 672.
Package babel Info: Redefining ngerman shorthand "|
(babel)             in language  on input line 679.
Package babel Info: Redefining ngerman shorthand "~
(babel)             in language  on input line 679.
Package babel Info: Redefining ngerman shorthand "|
(babel)             in language  on input line 679.
Package babel Info: Redefining ngerman shorthand "~
(babel)             in language  on input line 679.

[37 </Users/Sheraz/Documents/Git/RechnernetzeDoku/Doku/Bilder/ipfrag.jpg>]
</Users/Sheraz/Documents/Git/RechnernetzeDoku/Doku/Bilder/arp.png, id=523, 504.
88625pt x 397.485pt>
File: /Users/Sheraz/Documents/Git/RechnernetzeDoku/Doku/Bilder/arp.png Graphic 
file (type png)

<use /Users/Sheraz/Documents/Git/RechnernetzeDoku/Doku/Bilder/arp.png>
Package pdftex.def Info: /Users/Sheraz/Documents/Git/RechnernetzeDoku/Doku/Bild
er/arp.png used on input line 683.
(pdftex.def)             Requested size: 284.52756pt x 224.00325pt.

</Users/Sheraz/Documents/Git/RechnernetzeDoku/Doku/Bilder/arpwire.png, id=524, 
1334.9875pt x 353.32pt>
File: /Users/Sheraz/Documents/Git/RechnernetzeDoku/Doku/Bilder/arpwire.png Grap
hic file (type png)

<use /Users/Sheraz/Documents/Git/RechnernetzeDoku/Doku/Bilder/arpwire.png>
Package pdftex.def Info: /Users/Sheraz/Documents/Git/RechnernetzeDoku/Doku/Bild
er/arpwire.png used on input line 686.
(pdftex.def)             Requested size: 426.79134pt x 112.95149pt.

Overfull \hbox (55.82777pt too wide) in paragraph at lines 686--688
[][]
 []

Package babel Info: Redefining ngerman shorthand "|
(babel)             in language  on input line 688.
Package babel Info: Redefining ngerman shorthand "~
(babel)             in language  on input line 688.
Package babel Info: Redefining ngerman shorthand "|
(babel)             in language  on input line 688.
Package babel Info: Redefining ngerman shorthand "~
(babel)             in language  on input line 688.
[38 </Users/Sheraz/Documents/Git/RechnernetzeDoku/Doku/Bilder/arp.png>]
</Users/Sheraz/Documents/Git/RechnernetzeDoku/Doku/Bilder/arpshow.png, id=532, 
911.405pt x 193.72375pt>
File: /Users/Sheraz/Documents/Git/RechnernetzeDoku/Doku/Bilder/arpshow.png Grap
hic file (type png)

<use /Users/Sheraz/Documents/Git/RechnernetzeDoku/Doku/Bilder/arpshow.png>
Package pdftex.def Info: /Users/Sheraz/Documents/Git/RechnernetzeDoku/Doku/Bild
er/arpshow.png used on input line 692.
(pdftex.def)             Requested size: 426.79134pt x 90.7191pt.

Overfull \hbox (55.82777pt too wide) in paragraph at lines 692--694
[][]
 []

Package babel Info: Redefining ngerman shorthand "|
(babel)             in language  on input line 697.
Package babel Info: Redefining ngerman shorthand "~
(babel)             in language  on input line 697.
Package babel Info: Redefining ngerman shorthand "|
(babel)             in language  on input line 697.
Package babel Info: Redefining ngerman shorthand "~
(babel)             in language  on input line 697.
[39 </Users/Sheraz/Documents/Git/RechnernetzeDoku/Doku/Bilder/arpwire.png> </Us
ers/Sheraz/Documents/Git/RechnernetzeDoku/Doku/Bilder/arpshow.png>]
Package babel Info: Redefining ngerman shorthand "|
(babel)             in language  on input line 698.
Package babel Info: Redefining ngerman shorthand "~
(babel)             in language  on input line 698.
Package babel Info: Redefining ngerman shorthand "|
(babel)             in language  on input line 700.
Package babel Info: Redefining ngerman shorthand "~
(babel)             in language  on input line 700.
Package babel Info: Redefining ngerman shorthand "|
(babel)             in language  on input line 706.
Package babel Info: Redefining ngerman shorthand "~
(babel)             in language  on input line 706.

</Users/Sheraz/Documents/Git/RechnernetzeDoku/Doku/Bilder/wan.png, id=540, 499.
8675pt x 408.52625pt>
File: /Users/Sheraz/Documents/Git/RechnernetzeDoku/Doku/Bilder/wan.png Graphic 
file (type png)

<use /Users/Sheraz/Documents/Git/RechnernetzeDoku/Doku/Bilder/wan.png>
Package pdftex.def Info: /Users/Sheraz/Documents/Git/RechnernetzeDoku/Doku/Bild
er/wan.png used on input line 710.
(pdftex.def)             Requested size: 256.0748pt x 209.2869pt.
Package babel Info: Redefining ngerman shorthand "|
(babel)             in language  on input line 713.
Package babel Info: Redefining ngerman shorthand "~
(babel)             in language  on input line 713.

</Users/Sheraz/Documents/Git/RechnernetzeDoku/Doku/Bilder/tcpflow.png, id=541, 
526.96875pt x 244.915pt>
Package babel Info: Redefining ngerman shorthand "|
(babel)             in language  on input line 717.
Package babel Info: Redefining ngerman shorthand "~
(babel)             in language  on input line 717.
Package babel Info: Redefining ngerman shorthand "|
(babel)             in language  on input line 717.
Package babel Info: Redefining ngerman shorthand "~
(babel)             in language  on input line 717.
 [40 </Users/Sheraz/Documents/Git/RechnernetzeDoku/Doku/Bilder/wan.png>]
File: /Users/Sheraz/Documents/Git/RechnernetzeDoku/Doku/Bilder/tcpflow.png Grap
hic file (type png)

<use /Users/Sheraz/Documents/Git/RechnernetzeDoku/Doku/Bilder/tcpflow.png>
Package pdftex.def Info: /Users/Sheraz/Documents/Git/RechnernetzeDoku/Doku/Bild
er/tcpflow.png used on input line 717.
(pdftex.def)             Requested size: 284.52756pt x 132.24464pt.
Package babel Info: Redefining ngerman shorthand "|
(babel)             in language  on input line 720.
Package babel Info: Redefining ngerman shorthand "~
(babel)             in language  on input line 720.
Package babel Info: Redefining ngerman shorthand "|
(babel)             in language  on input line 738.
Package babel Info: Redefining ngerman shorthand "~
(babel)             in language  on input line 738.
Package babel Info: Redefining ngerman shorthand "|
(babel)             in language  on input line 760.
Package babel Info: Redefining ngerman shorthand "~
(babel)             in language  on input line 760.
Package babel Info: Redefining ngerman shorthand "|
(babel)             in language  on input line 760.
Package babel Info: Redefining ngerman shorthand "~
(babel)             in language  on input line 760.

[41 </Users/Sheraz/Documents/Git/RechnernetzeDoku/Doku/Bilder/tcpflow.png>]
</Users/Sheraz/Documents/Git/RechnernetzeDoku/Doku/Bilder/8tcp.png, id=552, 733
.99219pt x 529.22719pt>
File: /Users/Sheraz/Documents/Git/RechnernetzeDoku/Doku/Bilder/8tcp.png Graphic
 file (type png)

<use /Users/Sheraz/Documents/Git/RechnernetzeDoku/Doku/Bilder/8tcp.png>
Package pdftex.def Info: /Users/Sheraz/Documents/Git/RechnernetzeDoku/Doku/Bild
er/8tcp.png used on input line 761.
(pdftex.def)             Requested size: 227.62204pt x 164.11525pt.

</Users/Sheraz/Documents/Git/RechnernetzeDoku/Doku/Bilder/8udp.png, id=553, 725
.71124pt x 520.94624pt>
File: /Users/Sheraz/Documents/Git/RechnernetzeDoku/Doku/Bilder/8udp.png Graphic
 file (type png)

<use /Users/Sheraz/Documents/Git/RechnernetzeDoku/Doku/Bilder/8udp.png>
Package pdftex.def Info: /Users/Sheraz/Documents/Git/RechnernetzeDoku/Doku/Bild
er/8udp.png used on input line 764.
(pdftex.def)             Requested size: 227.62204pt x 163.39146pt.

</Users/Sheraz/Documents/Git/RechnernetzeDoku/Doku/Bilder/2tcp.png, id=554, 770
.88pt x 427.5975pt>
Package babel Info: Redefining ngerman shorthand "|
(babel)             in language  on input line 767.
Package babel Info: Redefining ngerman shorthand "~
(babel)             in language  on input line 767.
Package babel Info: Redefining ngerman shorthand "|
(babel)             in language  on input line 767.
Package babel Info: Redefining ngerman shorthand "~
(babel)             in language  on input line 767.
 [42 </Users/Sheraz/Documents/Git/RechnernetzeDoku/Doku/Bilder/8tcp.png>]
File: /Users/Sheraz/Documents/Git/RechnernetzeDoku/Doku/Bilder/2tcp.png Graphic
 file (type png)

<use /Users/Sheraz/Documents/Git/RechnernetzeDoku/Doku/Bilder/2tcp.png>
Package pdftex.def Info: /Users/Sheraz/Documents/Git/RechnernetzeDoku/Doku/Bild
er/2tcp.png used on input line 767.
(pdftex.def)             Requested size: 227.62204pt x 126.2576pt.

</Users/Sheraz/Documents/Git/RechnernetzeDoku/Doku/Bilder/2udp.png, id=560, 770
.88pt x 427.5975pt>
File: /Users/Sheraz/Documents/Git/RechnernetzeDoku/Doku/Bilder/2udp.png Graphic
 file (type png)

<use /Users/Sheraz/Documents/Git/RechnernetzeDoku/Doku/Bilder/2udp.png>
Package pdftex.def Info: /Users/Sheraz/Documents/Git/RechnernetzeDoku/Doku/Bild
er/2udp.png used on input line 770.
(pdftex.def)             Requested size: 227.62204pt x 126.2576pt.
Package babel Info: Redefining ngerman shorthand "|
(babel)             in language  on input line 773.
Package babel Info: Redefining ngerman shorthand "~
(babel)             in language  on input line 773.
Package babel Info: Redefining ngerman shorthand "|
(babel)             in language  on input line 773.
Package babel Info: Redefining ngerman shorthand "~
(babel)             in language  on input line 773.

[43 </Users/Sheraz/Documents/Git/RechnernetzeDoku/Doku/Bilder/8udp.png> </Users
/Sheraz/Documents/Git/RechnernetzeDoku/Doku/Bilder/2tcp.png> </Users/Sheraz/Doc
uments/Git/RechnernetzeDoku/Doku/Bilder/2udp.png>]
Package babel Info: Redefining ngerman shorthand "|
(babel)             in language  on input line 774.
Package babel Info: Redefining ngerman shorthand "~
(babel)             in language  on input line 774.

</Users/Sheraz/Documents/Git/RechnernetzeDoku/Doku/Bilder/tcp.png, id=569, 284.
06125pt x 203.76125pt>
File: /Users/Sheraz/Documents/Git/RechnernetzeDoku/Doku/Bilder/tcp.png Graphic 
file (type png)

<use /Users/Sheraz/Documents/Git/RechnernetzeDoku/Doku/Bilder/tcp.png>
Package pdftex.def Info: /Users/Sheraz/Documents/Git/RechnernetzeDoku/Doku/Bild
er/tcp.png used on input line 778.
(pdftex.def)             Requested size: 142.26378pt x 102.05136pt.

</Users/Sheraz/Documents/Git/RechnernetzeDoku/Doku/Bilder/udp.png, id=570, 854.
19125pt x 447.6725pt>
File: /Users/Sheraz/Documents/Git/RechnernetzeDoku/Doku/Bilder/udp.png Graphic 
file (type png)

<use /Users/Sheraz/Documents/Git/RechnernetzeDoku/Doku/Bilder/udp.png>
Package pdftex.def Info: /Users/Sheraz/Documents/Git/RechnernetzeDoku/Doku/Bild
er/udp.png used on input line 782.
(pdftex.def)             Requested size: 142.26378pt x 74.55269pt.
Package atveryend Info: Empty hook `BeforeClearDocument' on input line 788.
Package babel Info: Redefining ngerman shorthand "|
(babel)             in language  on input line 788.
Package babel Info: Redefining ngerman shorthand "~
(babel)             in language  on input line 788.
Package babel Info: Redefining ngerman shorthand "|
(babel)             in language  on input line 788.
Package babel Info: Redefining ngerman shorthand "~
(babel)             in language  on input line 788.
 [44 </Users/Sheraz/Documents/Git/RechnernetzeDoku/Doku/Bilder/tcp.png> </Users
/Sheraz/Documents/Git/RechnernetzeDoku/Doku/Bilder/udp.png>]
Package atveryend Info: Empty hook `AfterLastShipout' on input line 788.

(./Rechnernetze_Dokumentation_Sheraz_Azad_und_Sven_Marquardt.aux)
Package atveryend Info: Executing hook `AtVeryEndDocument' on input line 788.
Package atveryend Info: Executing hook `AtEndAfterFileList' on input line 788.
Package rerunfilecheck Info: File `Rechnernetze_Dokumentation_Sheraz_Azad_und_S
ven_Marquardt.out' has not changed.
(rerunfilecheck)             Checksum: 826C0D575624630F51DBB96F312549B5;3963.
 ) 
Here is how much of TeX's memory you used:
 10075 strings out of 493089
 159807 string characters out of 6134841
 310870 words of memory out of 5000000
 13218 multiletter control sequences out of 15000+600000
 67118 words of font info for 52 fonts, out of 8000000 for 9000
 1141 hyphenation exceptions out of 8191
 41i,9n,52p,904b,568s stack positions out of 5000i,500n,10000p,200000b,80000s
{/usr/local/texlive/2015/texmf-dist/fonts/enc/dvips/lm/lm-mathsy.enc}{/usr/lo
cal/texlive/2015/texmf-dist/fonts/enc/dvips/lm/lm-ec.enc}</usr/local/texlive/20
15/texmf-dist/fonts/type1/public/lm/lmbx12.pfb></usr/local/texlive/2015/texmf-d
ist/fonts/type1/public/lm/lmr10.pfb></usr/local/texlive/2015/texmf-dist/fonts/t
ype1/public/lm/lmr12.pfb></usr/local/texlive/2015/texmf-dist/fonts/type1/public
/lm/lmr17.pfb></usr/local/texlive/2015/texmf-dist/fonts/type1/public/lm/lmr7.pf
b></usr/local/texlive/2015/texmf-dist/fonts/type1/public/lm/lmr8.pfb></usr/loca
l/texlive/2015/texmf-dist/fonts/type1/public/lm/lmri12.pfb></usr/local/texlive/
2015/texmf-dist/fonts/type1/public/lm/lmssbx10.pfb></usr/local/texlive/2015/tex
mf-dist/fonts/type1/public/lm/lmsy10.pfb>
Output written on Rechnernetze_Dokumentation_Sheraz_Azad_und_Sven_Marquardt.pdf
 (44 pages, 21490391 bytes).
PDF statistics:
 643 PDF objects out of 1000 (max. 8388607)
 498 compressed objects within 5 object streams
 143 named destinations out of 1000 (max. 500000)
 589 words of extra memory for PDF output out of 10000 (max. 10000000)

