\BOOKMARK [1][-]{section.1}{Versuch 1 Schichtenmodell}{}% 1
\BOOKMARK [2][-]{subsection.1.1}{Aufgabe 2 \334berlegungen f\374r das Spiel Vier gewinnt}{section.1}% 2
\BOOKMARK [2][-]{subsection.1.2}{Aufgabe 4 Vor- und Nachteile der Realisierung}{section.1}% 3
\BOOKMARK [2][-]{subsection.1.3}{Aufgabe 5 Verbesserte Kommunikation durch Stifte}{section.1}% 4
\BOOKMARK [2][-]{subsection.1.4}{Aufgabe 6 Kommunikation durch Klatschen}{section.1}% 5
\BOOKMARK [2][-]{subsection.1.5}{Aufgabe 7 Kommunikation mit beliebigen Teilnnehmern}{section.1}% 6
\BOOKMARK [2][-]{subsection.1.6}{Aufgabe 8 Kommunikation mit bestimmten Teilnehmern}{section.1}% 7
\BOOKMARK [2][-]{subsection.1.7}{Aufgabe 9 Datenfluss Problem}{section.1}% 8
\BOOKMARK [1][-]{section.2}{Versuch 2 Zuverl\344ssige Daten\374bertragung}{}% 9
\BOOKMARK [2][-]{subsection.2.1}{Aufgabe 2 Messung der H\344ufigkeit von Rahmenverlusten}{section.2}% 10
\BOOKMARK [2][-]{subsection.2.2}{Aufgabe 3 Messung der Bitfehlerrate}{section.2}% 11
\BOOKMARK [2][-]{subsection.2.3}{Aufgabe 4 Vor\374berlegungen zum sicheren Protokoll}{section.2}% 12
\BOOKMARK [2][-]{subsection.2.4}{Aufgabe 6 Verhinderung von Rahmenverlusten}{section.2}% 13
\BOOKMARK [1][-]{section.3}{Versuch 3 Anwendungsschicht und Tools}{}% 14
\BOOKMARK [2][-]{subsection.3.1}{Aufgabe 4 nslookup tool}{section.3}% 15
\BOOKMARK [2][-]{subsection.3.2}{Aufgabe 6 Aufbau von Websiten}{section.3}% 16
\BOOKMARK [2][-]{subsection.3.3}{Aufgabe 7 Laden von Websiten}{section.3}% 17
\BOOKMARK [2][-]{subsection.3.4}{Aufgabe 8 SSL/TLS im Browser}{section.3}% 18
\BOOKMARK [2][-]{subsection.3.5}{Aufgabe 9 SSL/TLS beim Server}{section.3}% 19
\BOOKMARK [2][-]{subsection.3.6}{Aufgabe 10 Auswertung von Cookies}{section.3}% 20
\BOOKMARK [2][-]{subsection.3.7}{Aufgabe 11 Diskussion AddOns}{section.3}% 21
\BOOKMARK [2][-]{subsection.3.8}{Aufgabe 12 Steganographie}{section.3}% 22
\BOOKMARK [1][-]{section.4}{Versuch 4 Switch}{}% 23
\BOOKMARK [2][-]{subsection.4.1}{Aufgabe 3 MAC-Adresse}{section.4}% 24
\BOOKMARK [2][-]{subsection.4.2}{Aufgabe 4 Beobachtungen im Netz}{section.4}% 25
\BOOKMARK [2][-]{subsection.4.3}{Aufgabe 5 Spanning Tree Protocol}{section.4}% 26
\BOOKMARK [2][-]{subsection.4.4}{Aufgabe 6 Lernen von Adressen f\374r die MAC-Adresstabelle}{section.4}% 27
\BOOKMARK [2][-]{subsection.4.5}{Aufgabe 7 Erstellen eines VLANs mit der Nummer 100}{section.4}% 28
\BOOKMARK [2][-]{subsection.4.6}{Aufgabe 8 VLAN-Trunk-Konfiguration}{section.4}% 29
\BOOKMARK [1][-]{section.5}{Versuch 5 Router}{}% 30
\BOOKMARK [2][-]{subsection.5.1}{Aufgabe 2 Traceroute \(tracert\)}{section.5}% 31
\BOOKMARK [2][-]{subsection.5.2}{Aufgabe 4 Erstellen der IP-Adressen f\374r Interfaces und Netze}{section.5}% 32
\BOOKMARK [2][-]{subsection.5.3}{Aufgabe 5 Konfiguration von DHCP zur dynamischen Adresszuweisung}{section.5}% 33
\BOOKMARK [2][-]{subsection.5.4}{Augabe 6 Konfiguration von OSPF als Routing-Protokoll}{section.5}% 34
\BOOKMARK [2][-]{subsection.5.5}{Aufgabe 7 Auswirkungen IP-Paketl\344nge}{section.5}% 35
\BOOKMARK [2][-]{subsection.5.6}{Aufgabe 8 Untersuchungen zum Adress Resolution Protocol}{section.5}% 36
\BOOKMARK [1][-]{section.6}{Versuch 6 Transportschicht}{}% 37
